[2018-03-15 11:03:19]：编号：00000912   小说名：《》 下载失败。
[2018-03-15 11:03:19]：编号：00000912   下载失败。
[2018-03-15 11:03:19]：编号：00000925   小说名：《》 下载失败。
[2018-03-15 11:03:19]：编号：00000925   下载失败。
[2018-03-15 11:03:19]：编号：00000938   小说名：《》 下载失败。
[2018-03-15 11:03:19]：编号：00000938   下载失败。
[2018-03-15 11:03:19]：编号：00000936   小说名：《》 下载失败。
[2018-03-15 11:03:19]：编号：00000936   下载失败。
[2018-03-15 11:03:19]：编号：00000916   小说名：《》 下载失败。
[2018-03-15 11:03:19]：编号：00000916   下载失败。
[2018-03-15 11:03:19]：编号：00000915   小说名：《》 下载失败。
[2018-03-15 11:03:19]：编号：00000915   下载失败。
[2018-03-15 11:03:19]：编号：00000934   小说名：《》 下载失败。
[2018-03-15 11:03:19]：编号：00000934   下载失败。
[2018-03-15 11:03:19]：编号：00000932   小说名：《》 下载失败。
[2018-03-15 11:03:19]：编号：00000932   下载失败。
[2018-03-15 11:03:19]：编号：00000929   小说名：《》 下载失败。
[2018-03-15 11:03:19]：编号：00000929   下载失败。
[2018-03-15 11:03:19]：编号：00000926   小说名：《》 下载失败。
[2018-03-15 11:03:19]：编号：00000926   下载失败。
[2018-03-15 11:03:19]：编号：00000940   小说名：《》 下载失败。
[2018-03-15 11:03:19]：编号：00000940   下载失败。
[2018-03-15 11:03:19]：编号：00000944   小说名：《》 下载失败。
[2018-03-15 11:03:19]：编号：00000944   下载失败。
[2018-03-15 11:03:19]：编号：00000943   小说名：《》 下载失败。
[2018-03-15 11:03:19]：编号：00000943   下载失败。
[2018-03-15 11:03:19]：编号：00000935   小说名：《》 下载失败。
[2018-03-15 11:03:19]：编号：00000935   下载失败。
[2018-03-15 11:03:19]：编号：00000910   小说名：《》 下载失败。
[2018-03-15 11:03:19]：编号：00000910   下载失败。
[2018-03-15 11:03:19]：编号：00000945   小说名：《》 下载失败。
[2018-03-15 11:03:19]：编号：00000945   下载失败。
[2018-03-15 11:03:19]：编号：00000951   小说名：《》 下载失败。
[2018-03-15 11:03:19]：编号：00000951   下载失败。
[2018-03-15 11:03:19]：编号：00000947   小说名：《》 下载失败。
[2018-03-15 11:03:19]：编号：00000947   下载失败。
[2018-03-15 11:03:19]：编号：00000946   小说名：《》 下载失败。
[2018-03-15 11:03:19]：编号：00000946   下载失败。
[2018-03-15 11:03:19]：编号：00000906   小说名：《》 下载失败。
[2018-03-15 11:03:19]：编号：00000906   下载失败。
[2018-03-15 11:03:19]：编号：00000952   小说名：《》 下载失败。
[2018-03-15 11:03:19]：编号：00000952   下载失败。
[2018-03-15 11:03:19]：编号：00000937   小说名：《》 下载失败。
[2018-03-15 11:03:19]：编号：00000937   下载失败。
[2018-03-15 11:03:19]：编号：00000953   小说名：《》 下载失败。
[2018-03-15 11:03:19]：编号：00000953   下载失败。
[2018-03-15 11:03:19]：编号：00000905   小说名：《》 下载失败。
[2018-03-15 11:03:19]：编号：00000905   下载失败。
[2018-03-15 11:03:19]：编号：00000922   小说名：《》 下载失败。
[2018-03-15 11:03:19]：编号：00000922   下载失败。
[2018-03-15 11:03:19]：编号：00000955   小说名：《》 下载失败。
[2018-03-15 11:03:19]：编号：00000955   下载失败。
[2018-03-15 11:03:19]：编号：00000939   小说名：《》 下载失败。
[2018-03-15 11:03:19]：编号：00000939   下载失败。
[2018-03-15 11:03:19]：编号：00000956   小说名：《》 下载失败。
[2018-03-15 11:03:19]：编号：00000956   下载失败。
[2018-03-15 11:03:19]：编号：00000958   小说名：《》 下载失败。
[2018-03-15 11:03:19]：编号：00000958   下载失败。
[2018-03-15 11:03:19]：编号：00000960   小说名：《》 下载失败。
[2018-03-15 11:03:19]：编号：00000960   下载失败。
[2018-03-15 11:03:19]：编号：00000903   小说名：《》 下载失败。
[2018-03-15 11:03:19]：编号：00000903   下载失败。
[2018-03-15 11:03:19]：编号：00000904   小说名：《》 下载失败。
[2018-03-15 11:03:19]：编号：00000904   下载失败。
[2018-03-15 11:03:19]：编号：00000933   小说名：《》 下载失败。
[2018-03-15 11:03:19]：编号：00000933   下载失败。
[2018-03-15 11:03:19]：编号：00000961   小说名：《》 下载失败。
[2018-03-15 11:03:19]：编号：00000961   下载失败。
[2018-03-15 11:03:19]：编号：00000949   小说名：《》 下载失败。
[2018-03-15 11:03:19]：编号：00000949   下载失败。
[2018-03-15 11:03:19]：编号：00000963   小说名：《》 下载失败。
[2018-03-15 11:03:19]：编号：00000963   下载失败。
[2018-03-15 11:03:19]：编号：00000941   小说名：《》 下载失败。
[2018-03-15 11:03:19]：编号：00000941   下载失败。
[2018-03-15 11:03:19]：编号：00000948   小说名：《》 下载失败。
[2018-03-15 11:03:19]：编号：00000948   下载失败。
[2018-03-15 11:03:19]：编号：00000942   小说名：《》 下载失败。
[2018-03-15 11:03:19]：编号：00000942   下载失败。
[2018-03-15 11:03:19]：编号：00000977   小说名：《》 下载失败。
[2018-03-15 11:03:19]：编号：00000977   下载失败。
[2018-03-15 11:03:19]：编号：00000950   小说名：《》 下载失败。
[2018-03-15 11:03:19]：编号：00000950   下载失败。
[2018-03-15 11:03:19]：编号：00000971   小说名：《》 下载失败。
[2018-03-15 11:03:19]：编号：00000971   下载失败。
[2018-03-15 11:03:19]：编号：00000978   小说名：《》 下载失败。
[2018-03-15 11:03:19]：编号：00000978   下载失败。
[2018-03-15 11:03:19]：编号：00000970   小说名：《》 下载失败。
[2018-03-15 11:03:19]：编号：00000970   下载失败。
[2018-03-15 11:03:19]：编号：00000954   小说名：《》 下载失败。
[2018-03-15 11:03:19]：编号：00000954   下载失败。
[2018-03-15 11:03:19]：编号：00000973   小说名：《》 下载失败。
[2018-03-15 11:03:19]：编号：00000973   下载失败。
[2018-03-15 11:03:19]：编号：00000981   小说名：《》 下载失败。
[2018-03-15 11:03:19]：编号：00000981   下载失败。
[2018-03-15 11:03:19]：编号：00000959   小说名：《》 下载失败。
[2018-03-15 11:03:19]：编号：00000959   下载失败。
[2018-03-15 11:03:19]：编号：00000987   小说名：《》 下载失败。
[2018-03-15 11:03:19]：编号：00000987   下载失败。
[2018-03-15 11:03:19]：编号：00000979   小说名：《》 下载失败。
[2018-03-15 11:03:19]：编号：00000979   下载失败。
[2018-03-15 11:03:19]：编号：00000994   小说名：《》 下载失败。
[2018-03-15 11:03:19]：编号：00000994   下载失败。
[2018-03-15 11:03:19]：编号：00000984   小说名：《》 下载失败。
[2018-03-15 11:03:19]：编号：00000984   下载失败。
[2018-03-15 11:03:19]：编号：00000988   小说名：《》 下载失败。
[2018-03-15 11:03:19]：编号：00000988   下载失败。
[2018-03-15 11:03:19]：编号：00000983   小说名：《》 下载失败。
[2018-03-15 11:03:19]：编号：00000983   下载失败。
[2018-03-15 11:03:19]：编号：00000964   小说名：《》 下载失败。
[2018-03-15 11:03:19]：编号：00000964   下载失败。
[2018-03-15 11:03:19]：编号：00000957   小说名：《》 下载失败。
[2018-03-15 11:03:19]：编号：00000957   下载失败。
[2018-03-15 11:03:19]：编号：00000989   小说名：《》 下载失败。
[2018-03-15 11:03:19]：编号：00000989   下载失败。
[2018-03-15 11:03:19]：编号：00000976   小说名：《》 下载失败。
[2018-03-15 11:03:19]：编号：00000976   下载失败。
[2018-03-15 11:03:19]：编号：00000966   小说名：《》 下载失败。
[2018-03-15 11:03:19]：编号：00000966   下载失败。
[2018-03-15 11:03:19]：编号：00000967   小说名：《》 下载失败。
[2018-03-15 11:03:19]：编号：00000967   下载失败。
[2018-03-15 11:03:19]：编号：00000968   小说名：《》 下载失败。
[2018-03-15 11:03:19]：编号：00000968   下载失败。
[2018-03-15 11:03:19]：编号：00000969   小说名：《》 下载失败。
[2018-03-15 11:03:19]：编号：00000969   下载失败。
[2018-03-15 11:03:19]：编号：00000992   小说名：《》 下载失败。
[2018-03-15 11:03:19]：编号：00000992   下载失败。
[2018-03-15 11:03:19]：编号：00000997   小说名：《》 下载失败。
[2018-03-15 11:03:19]：编号：00000997   下载失败。
[2018-03-15 11:03:19]：编号：00000991   小说名：《》 下载失败。
[2018-03-15 11:03:19]：编号：00000991   下载失败。
[2018-03-15 11:03:19]：编号：00000962   小说名：《》 下载失败。
[2018-03-15 11:03:19]：编号：00000962   下载失败。
[2018-03-15 11:03:19]：编号：00000965   小说名：《》 下载失败。
[2018-03-15 11:03:19]：编号：00000965   下载失败。
[2018-03-15 11:03:19]：编号：00000993   小说名：《》 下载失败。
[2018-03-15 11:03:19]：编号：00000993   下载失败。
[2018-03-15 11:03:19]：编号：00000972   小说名：《》 下载失败。
[2018-03-15 11:03:19]：编号：00000972   下载失败。
[2018-03-15 11:03:19]：编号：00000995   小说名：《》 下载失败。
[2018-03-15 11:03:19]：编号：00000995   下载失败。
[2018-03-15 11:03:19]：编号：00000985   小说名：《》 下载失败。
[2018-03-15 11:03:19]：编号：00000985   下载失败。
[2018-03-15 11:03:19]：编号：00000999   小说名：《》 下载失败。
[2018-03-15 11:03:19]：编号：00000999   下载失败。
[2018-03-15 11:03:19]：编号：00000975   小说名：《》 下载失败。
[2018-03-15 11:03:19]：编号：00000975   下载失败。
[2018-03-15 11:03:19]：编号：00000980   小说名：《》 下载失败。
[2018-03-15 11:03:19]：编号：00000980   下载失败。
[2018-03-15 11:03:19]：编号：00000986   小说名：《》 下载失败。
[2018-03-15 11:03:19]：编号：00000986   下载失败。
[2018-03-15 11:03:19]：编号：00000982   小说名：《》 下载失败。
[2018-03-15 11:03:19]：编号：00000982   下载失败。
[2018-03-15 11:03:19]：编号：00000990   小说名：《》 下载失败。
[2018-03-15 11:03:19]：编号：00000990   下载失败。
[2018-03-15 11:03:19]：编号：00000974   小说名：《》 下载失败。
[2018-03-15 11:03:19]：编号：00000974   下载失败。
[2018-03-15 11:03:19]：编号：00000996   小说名：《》 下载失败。
[2018-03-15 11:03:19]：编号：00000996   下载失败。
[2018-03-15 11:03:19]：编号：00000998   小说名：《》 下载失败。
[2018-03-15 11:03:19]：编号：00000998   下载失败。
[2018-03-15 11:03:20]：编号：00000901   小说名：《》 下载失败。
[2018-03-15 11:03:20]：编号：00000901   下载失败。
[2018-03-15 11:03:20]：编号：00000921   小说名：《》 下载失败。
[2018-03-15 11:03:20]：编号：00000921   下载失败。
[2018-03-15 11:03:21]：编号：00000928   小说名：《超级战神》 下载失败。
[2018-03-15 11:03:21]：编号：00000928   下载失败。
[2018-03-15 11:03:21]：编号：00000900   小说名：《清客》 下载失败。
[2018-03-15 11:03:21]：编号：00000900   下载失败。
[2018-03-15 11:03:21]：编号：00000920   小说名：《异界之红警大战》 下载失败。
[2018-03-15 11:03:21]：编号：00000920   下载失败。
[2018-03-15 11:03:21]：编号：00000907   小说名：《绝地罡魂》 下载失败。
[2018-03-15 11:03:21]：编号：00000907   下载失败。
[2018-03-15 11:03:21]：编号：00000909   小说名：《匪军之龙腾四海》 下载失败。
[2018-03-15 11:03:21]：编号：00000909   下载失败。
[2018-03-15 11:03:21]：编号：00000924   小说名：《不落战神》 下载失败。
[2018-03-15 11:03:21]：编号：00000924   下载失败。
[2018-03-15 11:03:21]：编号：00000914   小说名：《娱乐之从香江开始》 下载失败。
[2018-03-15 11:03:21]：编号：00000914   下载失败。
[2018-03-15 11:03:21]：编号：00000923   小说名：《埃尔德兰的天空》 下载失败。
[2018-03-15 11:03:22]：编号：00000923   下载失败。
[2018-03-15 11:03:22]：编号：00000908   小说名：《走私大明》 下载失败。
[2018-03-15 11:03:22]：编号：00000908   下载失败。
[2018-03-15 11:03:22]：编号：00000902   小说名：《超级无线网》 下载失败。
[2018-03-15 11:03:22]：编号：00000902   下载失败。
[2018-03-15 11:03:22]：编号：00000918   小说名：《都市版英雄无敌》 下载失败。
[2018-03-15 11:03:22]：编号：00000918   下载失败。
[2018-03-15 11:03:22]：编号：00000930   小说名：《旷世陨仙》 下载失败。
[2018-03-15 11:03:22]：编号：00000930   下载失败。
[2018-03-15 11:03:22]：编号：00000931   小说名：《寂灭万乘》 下载失败。
[2018-03-15 11:03:22]：编号：00000931   下载失败。
[2018-03-15 11:03:22]：编号：00000911   小说名：《全能闲人》 下载失败。
[2018-03-15 11:03:22]：编号：00000911   下载失败。
[2018-03-15 11:03:22]：编号：00000927   小说名：《迷墓仙踪》 下载失败。
[2018-03-15 11:03:22]：编号：00000927   下载失败。
[2018-03-15 11:03:22]：编号：00000913   小说名：《娱闻推手》 下载失败。
[2018-03-15 11:03:22]：编号：00000913   下载失败。
[2018-03-15 11:03:22]：编号：00000919   小说名：《天逆》 下载失败。
[2018-03-15 11:03:22]：编号：00000919   下载失败。
[2018-03-15 11:03:22]：编号：00000917   小说名：《网游之王者无敌》 下载失败。
[2018-03-15 11:03:22]：编号：00000917   下载失败。
[2018-03-15 11:03:25]：编号：00001004   小说名：《》 下载失败。
[2018-03-15 11:03:25]：编号：00001004   下载失败。
[2018-03-15 11:03:25]：编号：00001003   小说名：《》 下载失败。
[2018-03-15 11:03:25]：编号：00001003   下载失败。
[2018-03-15 11:03:25]：编号：00001015   小说名：《》 下载失败。
[2018-03-15 11:03:25]：编号：00001015   下载失败。
[2018-03-15 11:03:25]：编号：00001005   小说名：《》 下载失败。
[2018-03-15 11:03:25]：编号：00001005   下载失败。
[2018-03-15 11:03:25]：编号：00001009   小说名：《》 下载失败。
[2018-03-15 11:03:25]：编号：00001009   下载失败。
[2018-03-15 11:03:25]：编号：00001016   小说名：《》 下载失败。
[2018-03-15 11:03:25]：编号：00001016   下载失败。
[2018-03-15 11:03:25]：编号：00001011   小说名：《》 下载失败。
[2018-03-15 11:03:25]：编号：00001011   下载失败。
[2018-03-15 11:03:25]：编号：00001017   小说名：《》 下载失败。
[2018-03-15 11:03:25]：编号：00001017   下载失败。
[2018-03-15 11:03:25]：编号：00001049   小说名：《》 下载失败。
[2018-03-15 11:03:25]：编号：00001049   下载失败。
[2018-03-15 11:03:25]：编号：00001013   小说名：《》 下载失败。
[2018-03-15 11:03:25]：编号：00001013   下载失败。
[2018-03-15 11:03:25]：编号：00001001   小说名：《》 下载失败。
[2018-03-15 11:03:25]：编号：00001001   下载失败。
[2018-03-15 11:03:25]：编号：00001010   小说名：《》 下载失败。
[2018-03-15 11:03:25]：编号：00001010   下载失败。
[2018-03-15 11:03:25]：编号：00001037   小说名：《》 下载失败。
[2018-03-15 11:03:25]：编号：00001037   下载失败。
[2018-03-15 11:03:25]：编号：00001023   小说名：《》 下载失败。
[2018-03-15 11:03:25]：编号：00001023   下载失败。
[2018-03-15 11:03:25]：编号：00001020   小说名：《》 下载失败。
[2018-03-15 11:03:25]：编号：00001020   下载失败。
[2018-03-15 11:03:25]：编号：00001033   小说名：《》 下载失败。
[2018-03-15 11:03:25]：编号：00001033   下载失败。
[2018-03-15 11:03:25]：编号：00001056   小说名：《》 下载失败。
[2018-03-15 11:03:25]：编号：00001056   下载失败。
[2018-03-15 11:03:25]：编号：00001026   小说名：《》 下载失败。
[2018-03-15 11:03:25]：编号：00001026   下载失败。
[2018-03-15 11:03:25]：编号：00001034   小说名：《》 下载失败。
[2018-03-15 11:03:25]：编号：00001034   下载失败。
[2018-03-15 11:03:25]：编号：00001000   小说名：《》 下载失败。
[2018-03-15 11:03:25]：编号：00001000   下载失败。
[2018-03-15 11:03:25]：编号：00001012   小说名：《》 下载失败。
[2018-03-15 11:03:25]：编号：00001012   下载失败。
[2018-03-15 11:03:25]：编号：00001019   小说名：《》 下载失败。
[2018-03-15 11:03:25]：编号：00001019   下载失败。
[2018-03-15 11:03:25]：编号：00001014   小说名：《》 下载失败。
[2018-03-15 11:03:25]：编号：00001014   下载失败。
[2018-03-15 11:03:25]：编号：00001022   小说名：《》 下载失败。
[2018-03-15 11:03:25]：编号：00001022   下载失败。
[2018-03-15 11:03:25]：编号：00001030   小说名：《》 下载失败。
[2018-03-15 11:03:25]：编号：00001030   下载失败。
[2018-03-15 11:03:25]：编号：00001024   小说名：《》 下载失败。
[2018-03-15 11:03:25]：编号：00001024   下载失败。
[2018-03-15 11:03:25]：编号：00001021   小说名：《》 下载失败。
[2018-03-15 11:03:25]：编号：00001021   下载失败。
[2018-03-15 11:03:25]：编号：00001058   小说名：《》 下载失败。
[2018-03-15 11:03:25]：编号：00001058   下载失败。
[2018-03-15 11:03:25]：编号：00001018   小说名：《》 下载失败。
[2018-03-15 11:03:25]：编号：00001018   下载失败。
[2018-03-15 11:03:25]：编号：00001006   小说名：《》 下载失败。
[2018-03-15 11:03:25]：编号：00001006   下载失败。
[2018-03-15 11:03:25]：编号：00001048   小说名：《》 下载失败。
[2018-03-15 11:03:25]：编号：00001048   下载失败。
[2018-03-15 11:03:25]：编号：00001040   小说名：《》 下载失败。
[2018-03-15 11:03:25]：编号：00001040   下载失败。
[2018-03-15 11:03:25]：编号：00001044   小说名：《》 下载失败。
[2018-03-15 11:03:25]：编号：00001044   下载失败。
[2018-03-15 11:03:25]：编号：00001002   小说名：《》 下载失败。
[2018-03-15 11:03:25]：编号：00001002   下载失败。
[2018-03-15 11:03:25]：编号：00001035   小说名：《》 下载失败。
[2018-03-15 11:03:25]：编号：00001035   下载失败。
[2018-03-15 11:03:25]：编号：00001029   小说名：《》 下载失败。
[2018-03-15 11:03:25]：编号：00001029   下载失败。
[2018-03-15 11:03:25]：编号：00001045   小说名：《》 下载失败。
[2018-03-15 11:03:25]：编号：00001045   下载失败。
[2018-03-15 11:03:25]：编号：00001038   小说名：《》 下载失败。
[2018-03-15 11:03:25]：编号：00001038   下载失败。
[2018-03-15 11:03:25]：编号：00001031   小说名：《》 下载失败。
[2018-03-15 11:03:25]：编号：00001031   下载失败。
[2018-03-15 11:03:25]：编号：00001027   小说名：《》 下载失败。
[2018-03-15 11:03:25]：编号：00001027   下载失败。
[2018-03-15 11:03:25]：编号：00001032   小说名：《》 下载失败。
[2018-03-15 11:03:25]：编号：00001032   下载失败。
[2018-03-15 11:03:25]：编号：00001046   小说名：《》 下载失败。
[2018-03-15 11:03:25]：编号：00001046   下载失败。
[2018-03-15 11:03:25]：编号：00001039   小说名：《》 下载失败。
[2018-03-15 11:03:25]：编号：00001039   下载失败。
[2018-03-15 11:03:25]：编号：00001025   小说名：《》 下载失败。
[2018-03-15 11:03:25]：编号：00001025   下载失败。
[2018-03-15 11:03:25]：编号：00001042   小说名：《》 下载失败。
[2018-03-15 11:03:25]：编号：00001042   下载失败。
[2018-03-15 11:03:25]：编号：00001036   小说名：《》 下载失败。
[2018-03-15 11:03:25]：编号：00001036   下载失败。
[2018-03-15 11:03:25]：编号：00001041   小说名：《》 下载失败。
[2018-03-15 11:03:25]：编号：00001041   下载失败。
[2018-03-15 11:03:25]：编号：00001074   小说名：《》 下载失败。
[2018-03-15 11:03:25]：编号：00001074   下载失败。
[2018-03-15 11:03:25]：编号：00001067   小说名：《》 下载失败。
[2018-03-15 11:03:25]：编号：00001067   下载失败。
[2018-03-15 11:03:25]：编号：00001050   小说名：《》 下载失败。
[2018-03-15 11:03:25]：编号：00001050   下载失败。
[2018-03-15 11:03:25]：编号：00001051   小说名：《》 下载失败。
[2018-03-15 11:03:25]：编号：00001051   下载失败。
[2018-03-15 11:03:25]：编号：00001054   小说名：《》 下载失败。
[2018-03-15 11:03:25]：编号：00001054   下载失败。
[2018-03-15 11:03:25]：编号：00001052   小说名：《》 下载失败。
[2018-03-15 11:03:25]：编号：00001052   下载失败。
[2018-03-15 11:03:25]：编号：00001057   小说名：《》 下载失败。
[2018-03-15 11:03:25]：编号：00001057   下载失败。
[2018-03-15 11:03:25]：编号：00001060   小说名：《》 下载失败。
[2018-03-15 11:03:25]：编号：00001060   下载失败。
[2018-03-15 11:03:25]：编号：00001071   小说名：《》 下载失败。
[2018-03-15 11:03:25]：编号：00001071   下载失败。
[2018-03-15 11:03:25]：编号：00001043   小说名：《》 下载失败。
[2018-03-15 11:03:25]：编号：00001043   下载失败。
[2018-03-15 11:03:25]：编号：00001088   小说名：《》 下载失败。
[2018-03-15 11:03:25]：编号：00001088   下载失败。
[2018-03-15 11:03:25]：编号：00001087   小说名：《》 下载失败。
[2018-03-15 11:03:25]：编号：00001087   下载失败。
[2018-03-15 11:03:25]：编号：00001081   小说名：《》 下载失败。
[2018-03-15 11:03:25]：编号：00001081   下载失败。
[2018-03-15 11:03:25]：编号：00001069   小说名：《》 下载失败。
[2018-03-15 11:03:25]：编号：00001069   下载失败。
[2018-03-15 11:03:25]：编号：00001064   小说名：《》 下载失败。
[2018-03-15 11:03:25]：编号：00001064   下载失败。
[2018-03-15 11:03:25]：编号：00001068   小说名：《》 下载失败。
[2018-03-15 11:03:25]：编号：00001068   下载失败。
[2018-03-15 11:03:25]：编号：00001083   小说名：《》 下载失败。
[2018-03-15 11:03:25]：编号：00001083   下载失败。
[2018-03-15 11:03:25]：编号：00001063   小说名：《》 下载失败。
[2018-03-15 11:03:25]：编号：00001063   下载失败。
[2018-03-15 11:03:25]：编号：00001055   小说名：《》 下载失败。
[2018-03-15 11:03:25]：编号：00001055   下载失败。
[2018-03-15 11:03:25]：编号：00001053   小说名：《》 下载失败。
[2018-03-15 11:03:25]：编号：00001053   下载失败。
[2018-03-15 11:03:25]：编号：00001066   小说名：《》 下载失败。
[2018-03-15 11:03:25]：编号：00001066   下载失败。
[2018-03-15 11:03:25]：编号：00001092   小说名：《》 下载失败。
[2018-03-15 11:03:25]：编号：00001092   下载失败。
[2018-03-15 11:03:25]：编号：00001076   小说名：《》 下载失败。
[2018-03-15 11:03:25]：编号：00001076   下载失败。
[2018-03-15 11:03:25]：编号：00001061   小说名：《》 下载失败。
[2018-03-15 11:03:25]：编号：00001061   下载失败。
[2018-03-15 11:03:25]：编号：00001047   小说名：《》 下载失败。
[2018-03-15 11:03:25]：编号：00001047   下载失败。
[2018-03-15 11:03:25]：编号：00001090   小说名：《》 下载失败。
[2018-03-15 11:03:25]：编号：00001090   下载失败。
[2018-03-15 11:03:25]：编号：00001059   小说名：《》 下载失败。
[2018-03-15 11:03:25]：编号：00001059   下载失败。
[2018-03-15 11:03:25]：编号：00001065   小说名：《》 下载失败。
[2018-03-15 11:03:25]：编号：00001065   下载失败。
[2018-03-15 11:03:25]：编号：00001062   小说名：《》 下载失败。
[2018-03-15 11:03:25]：编号：00001062   下载失败。
[2018-03-15 11:03:25]：编号：00001073   小说名：《》 下载失败。
[2018-03-15 11:03:25]：编号：00001073   下载失败。
[2018-03-15 11:03:25]：编号：00001094   小说名：《》 下载失败。
[2018-03-15 11:03:25]：编号：00001094   下载失败。
[2018-03-15 11:03:25]：编号：00001097   小说名：《》 下载失败。
[2018-03-15 11:03:25]：编号：00001097   下载失败。
[2018-03-15 11:03:25]：编号：00001072   小说名：《》 下载失败。
[2018-03-15 11:03:25]：编号：00001072   下载失败。
[2018-03-15 11:03:25]：编号：00001075   小说名：《》 下载失败。
[2018-03-15 11:03:25]：编号：00001075   下载失败。
[2018-03-15 11:03:25]：编号：00001089   小说名：《》 下载失败。
[2018-03-15 11:03:25]：编号：00001089   下载失败。
[2018-03-15 11:03:25]：编号：00001096   小说名：《》 下载失败。
[2018-03-15 11:03:25]：编号：00001096   下载失败。
[2018-03-15 11:03:25]：编号：00001078   小说名：《》 下载失败。
[2018-03-15 11:03:25]：编号：00001078   下载失败。
[2018-03-15 11:03:25]：编号：00001091   小说名：《》 下载失败。
[2018-03-15 11:03:25]：编号：00001091   下载失败。
[2018-03-15 11:03:25]：编号：00001084   小说名：《》 下载失败。
[2018-03-15 11:03:25]：编号：00001084   下载失败。
[2018-03-15 11:03:25]：编号：00001080   小说名：《》 下载失败。
[2018-03-15 11:03:25]：编号：00001080   下载失败。
[2018-03-15 11:03:25]：编号：00001007   小说名：《》 下载失败。
[2018-03-15 11:03:25]：编号：00001007   下载失败。
[2018-03-15 11:03:25]：编号：00001085   小说名：《》 下载失败。
[2018-03-15 11:03:25]：编号：00001085   下载失败。
[2018-03-15 11:03:25]：编号：00001079   小说名：《》 下载失败。
[2018-03-15 11:03:25]：编号：00001079   下载失败。
[2018-03-15 11:03:25]：编号：00001077   小说名：《》 下载失败。
[2018-03-15 11:03:25]：编号：00001077   下载失败。
[2018-03-15 11:03:25]：编号：00001082   小说名：《》 下载失败。
[2018-03-15 11:03:25]：编号：00001082   下载失败。
[2018-03-15 11:03:25]：编号：00001086   小说名：《》 下载失败。
[2018-03-15 11:03:25]：编号：00001086   下载失败。
[2018-03-15 11:03:25]：编号：00001095   小说名：《》 下载失败。
[2018-03-15 11:03:25]：编号：00001095   下载失败。
[2018-03-15 11:03:25]：编号：00001098   小说名：《》 下载失败。
[2018-03-15 11:03:25]：编号：00001098   下载失败。
[2018-03-15 11:03:25]：编号：00001099   小说名：《》 下载失败。
[2018-03-15 11:03:25]：编号：00001099   下载失败。
[2018-03-15 11:03:27]：编号：00001102   小说名：《》 下载失败。
[2018-03-15 11:03:27]：编号：00001102   下载失败。
[2018-03-15 11:03:27]：编号：00001106   小说名：《》 下载失败。
[2018-03-15 11:03:27]：编号：00001106   下载失败。
[2018-03-15 11:03:27]：编号：00001104   小说名：《》 下载失败。
[2018-03-15 11:03:27]：编号：00001104   下载失败。
[2018-03-15 11:03:27]：编号：00001107   小说名：《》 下载失败。
[2018-03-15 11:03:27]：编号：00001107   下载失败。
[2018-03-15 11:03:27]：编号：00001111   小说名：《》 下载失败。
[2018-03-15 11:03:27]：编号：00001111   下载失败。
[2018-03-15 11:03:27]：编号：00001115   小说名：《》 下载失败。
[2018-03-15 11:03:27]：编号：00001115   下载失败。
[2018-03-15 11:03:27]：编号：00001114   小说名：《》 下载失败。
[2018-03-15 11:03:27]：编号：00001114   下载失败。
[2018-03-15 11:03:27]：编号：00001117   小说名：《》 下载失败。
[2018-03-15 11:03:27]：编号：00001117   下载失败。
[2018-03-15 11:03:27]：编号：00001101   小说名：《》 下载失败。
[2018-03-15 11:03:27]：编号：00001101   下载失败。
[2018-03-15 11:03:27]：编号：00001121   小说名：《》 下载失败。
[2018-03-15 11:03:27]：编号：00001121   下载失败。
[2018-03-15 11:03:27]：编号：00001100   小说名：《》 下载失败。
[2018-03-15 11:03:27]：编号：00001100   下载失败。
[2018-03-15 11:03:27]：编号：00001103   小说名：《》 下载失败。
[2018-03-15 11:03:27]：编号：00001103   下载失败。
[2018-03-15 11:03:27]：编号：00001124   小说名：《》 下载失败。
[2018-03-15 11:03:27]：编号：00001124   下载失败。
[2018-03-15 11:03:27]：编号：00001119   小说名：《》 下载失败。
[2018-03-15 11:03:27]：编号：00001119   下载失败。
[2018-03-15 11:03:27]：编号：00001120   小说名：《》 下载失败。
[2018-03-15 11:03:27]：编号：00001120   下载失败。
[2018-03-15 11:03:27]：编号：00001105   小说名：《》 下载失败。
[2018-03-15 11:03:27]：编号：00001105   下载失败。
[2018-03-15 11:03:27]：编号：00001125   小说名：《》 下载失败。
[2018-03-15 11:03:27]：编号：00001125   下载失败。
[2018-03-15 11:03:27]：编号：00001126   小说名：《》 下载失败。
[2018-03-15 11:03:27]：编号：00001126   下载失败。
[2018-03-15 11:03:27]：编号：00001130   小说名：《》 下载失败。
[2018-03-15 11:03:27]：编号：00001130   下载失败。
[2018-03-15 11:03:27]：编号：00001108   小说名：《》 下载失败。
[2018-03-15 11:03:27]：编号：00001108   下载失败。
[2018-03-15 11:03:27]：编号：00001112   小说名：《》 下载失败。
[2018-03-15 11:03:27]：编号：00001112   下载失败。
[2018-03-15 11:03:27]：编号：00001113   小说名：《》 下载失败。
[2018-03-15 11:03:27]：编号：00001113   下载失败。
[2018-03-15 11:03:27]：编号：00001109   小说名：《》 下载失败。
[2018-03-15 11:03:27]：编号：00001109   下载失败。
[2018-03-15 11:03:27]：编号：00001110   小说名：《》 下载失败。
[2018-03-15 11:03:27]：编号：00001110   下载失败。
[2018-03-15 11:03:27]：编号：00001133   小说名：《》 下载失败。
[2018-03-15 11:03:27]：编号：00001133   下载失败。
[2018-03-15 11:03:27]：编号：00001116   小说名：《》 下载失败。
[2018-03-15 11:03:27]：编号：00001116   下载失败。
[2018-03-15 11:03:27]：编号：00001135   小说名：《》 下载失败。
[2018-03-15 11:03:27]：编号：00001135   下载失败。
[2018-03-15 11:03:27]：编号：00001118   小说名：《》 下载失败。
[2018-03-15 11:03:27]：编号：00001118   下载失败。
[2018-03-15 11:03:27]：编号：00001136   小说名：《》 下载失败。
[2018-03-15 11:03:27]：编号：00001136   下载失败。
[2018-03-15 11:03:27]：编号：00001138   小说名：《》 下载失败。
[2018-03-15 11:03:27]：编号：00001138   下载失败。
[2018-03-15 11:03:27]：编号：00001141   小说名：《》 下载失败。
[2018-03-15 11:03:27]：编号：00001141   下载失败。
[2018-03-15 11:03:27]：编号：00001137   小说名：《》 下载失败。
[2018-03-15 11:03:27]：编号：00001137   下载失败。
[2018-03-15 11:03:27]：编号：00001123   小说名：《》 下载失败。
[2018-03-15 11:03:27]：编号：00001123   下载失败。
[2018-03-15 11:03:27]：编号：00001143   小说名：《》 下载失败。
[2018-03-15 11:03:27]：编号：00001143   下载失败。
[2018-03-15 11:03:27]：编号：00001128   小说名：《》 下载失败。
[2018-03-15 11:03:27]：编号：00001128   下载失败。
[2018-03-15 11:03:27]：编号：00001122   小说名：《》 下载失败。
[2018-03-15 11:03:27]：编号：00001122   下载失败。
[2018-03-15 11:03:27]：编号：00001127   小说名：《》 下载失败。
[2018-03-15 11:03:27]：编号：00001127   下载失败。
[2018-03-15 11:03:27]：编号：00001148   小说名：《》 下载失败。
[2018-03-15 11:03:27]：编号：00001148   下载失败。
[2018-03-15 11:03:27]：编号：00001129   小说名：《》 下载失败。
[2018-03-15 11:03:27]：编号：00001129   下载失败。
[2018-03-15 11:03:27]：编号：00001132   小说名：《》 下载失败。
[2018-03-15 11:03:27]：编号：00001132   下载失败。
[2018-03-15 11:03:27]：编号：00001131   小说名：《》 下载失败。
[2018-03-15 11:03:27]：编号：00001131   下载失败。
[2018-03-15 11:03:27]：编号：00001153   小说名：《》 下载失败。
[2018-03-15 11:03:27]：编号：00001153   下载失败。
[2018-03-15 11:03:27]：编号：00001149   小说名：《》 下载失败。
[2018-03-15 11:03:27]：编号：00001149   下载失败。
[2018-03-15 11:03:27]：编号：00001134   小说名：《》 下载失败。
[2018-03-15 11:03:27]：编号：00001134   下载失败。
[2018-03-15 11:03:27]：编号：00001159   小说名：《》 下载失败。
[2018-03-15 11:03:27]：编号：00001159   下载失败。
[2018-03-15 11:03:27]：编号：00001140   小说名：《》 下载失败。
[2018-03-15 11:03:27]：编号：00001140   下载失败。
[2018-03-15 11:03:27]：编号：00001161   小说名：《》 下载失败。
[2018-03-15 11:03:27]：编号：00001161   下载失败。
[2018-03-15 11:03:27]：编号：00001162   小说名：《》 下载失败。
[2018-03-15 11:03:27]：编号：00001162   下载失败。
[2018-03-15 11:03:27]：编号：00001160   小说名：《》 下载失败。
[2018-03-15 11:03:27]：编号：00001160   下载失败。
[2018-03-15 11:03:27]：编号：00001158   小说名：《》 下载失败。
[2018-03-15 11:03:27]：编号：00001158   下载失败。
[2018-03-15 11:03:27]：编号：00001166   小说名：《》 下载失败。
[2018-03-15 11:03:27]：编号：00001166   下载失败。
[2018-03-15 11:03:27]：编号：00001164   小说名：《》 下载失败。
[2018-03-15 11:03:27]：编号：00001164   下载失败。
[2018-03-15 11:03:27]：编号：00001142   小说名：《》 下载失败。
[2018-03-15 11:03:27]：编号：00001142   下载失败。
[2018-03-15 11:03:27]：编号：00001144   小说名：《》 下载失败。
[2018-03-15 11:03:27]：编号：00001144   下载失败。
[2018-03-15 11:03:27]：编号：00001146   小说名：《》 下载失败。
[2018-03-15 11:03:27]：编号：00001146   下载失败。
[2018-03-15 11:03:27]：编号：00001165   小说名：《》 下载失败。
[2018-03-15 11:03:27]：编号：00001165   下载失败。
[2018-03-15 11:03:27]：编号：00001139   小说名：《》 下载失败。
[2018-03-15 11:03:27]：编号：00001139   下载失败。
[2018-03-15 11:03:27]：编号：00001167   小说名：《》 下载失败。
[2018-03-15 11:03:27]：编号：00001167   下载失败。
[2018-03-15 11:03:27]：编号：00001147   小说名：《》 下载失败。
[2018-03-15 11:03:27]：编号：00001147   下载失败。
[2018-03-15 11:03:27]：编号：00001155   小说名：《》 下载失败。
[2018-03-15 11:03:27]：编号：00001155   下载失败。
[2018-03-15 11:03:27]：编号：00001145   小说名：《》 下载失败。
[2018-03-15 11:03:27]：编号：00001145   下载失败。
[2018-03-15 11:03:27]：编号：00001151   小说名：《》 下载失败。
[2018-03-15 11:03:27]：编号：00001151   下载失败。
[2018-03-15 11:03:27]：编号：00001152   小说名：《》 下载失败。
[2018-03-15 11:03:27]：编号：00001152   下载失败。
[2018-03-15 11:03:27]：编号：00001163   小说名：《》 下载失败。
[2018-03-15 11:03:27]：编号：00001163   下载失败。
[2018-03-15 11:03:27]：编号：00001182   小说名：《》 下载失败。
[2018-03-15 11:03:27]：编号：00001182   下载失败。
[2018-03-15 11:03:27]：编号：00001173   小说名：《》 下载失败。
[2018-03-15 11:03:27]：编号：00001173   下载失败。
[2018-03-15 11:03:27]：编号：00001157   小说名：《》 下载失败。
[2018-03-15 11:03:27]：编号：00001157   下载失败。
[2018-03-15 11:03:27]：编号：00001180   小说名：《》 下载失败。
[2018-03-15 11:03:27]：编号：00001180   下载失败。
[2018-03-15 11:03:27]：编号：00001175   小说名：《》 下载失败。
[2018-03-15 11:03:27]：编号：00001175   下载失败。
[2018-03-15 11:03:27]：编号：00001177   小说名：《》 下载失败。
[2018-03-15 11:03:27]：编号：00001177   下载失败。
[2018-03-15 11:03:27]：编号：00001187   小说名：《》 下载失败。
[2018-03-15 11:03:27]：编号：00001187   下载失败。
[2018-03-15 11:03:27]：编号：00001185   小说名：《》 下载失败。
[2018-03-15 11:03:27]：编号：00001185   下载失败。
[2018-03-15 11:03:27]：编号：00001172   小说名：《》 下载失败。
[2018-03-15 11:03:27]：编号：00001172   下载失败。
[2018-03-15 11:03:27]：编号：00001181   小说名：《》 下载失败。
[2018-03-15 11:03:27]：编号：00001181   下载失败。
[2018-03-15 11:03:27]：编号：00001188   小说名：《》 下载失败。
[2018-03-15 11:03:27]：编号：00001188   下载失败。
[2018-03-15 11:03:27]：编号：00001150   小说名：《》 下载失败。
[2018-03-15 11:03:27]：编号：00001150   下载失败。
[2018-03-15 11:03:27]：编号：00001191   小说名：《》 下载失败。
[2018-03-15 11:03:27]：编号：00001191   下载失败。
[2018-03-15 11:03:27]：编号：00001190   小说名：《》 下载失败。
[2018-03-15 11:03:27]：编号：00001190   下载失败。
[2018-03-15 11:03:27]：编号：00001170   小说名：《》 下载失败。
[2018-03-15 11:03:27]：编号：00001170   下载失败。
[2018-03-15 11:03:27]：编号：00001183   小说名：《》 下载失败。
[2018-03-15 11:03:27]：编号：00001183   下载失败。
[2018-03-15 11:03:27]：编号：00001196   小说名：《》 下载失败。
[2018-03-15 11:03:27]：编号：00001196   下载失败。
[2018-03-15 11:03:27]：编号：00001169   小说名：《》 下载失败。
[2018-03-15 11:03:27]：编号：00001169   下载失败。
[2018-03-15 11:03:27]：编号：00001168   小说名：《》 下载失败。
[2018-03-15 11:03:27]：编号：00001168   下载失败。
[2018-03-15 11:03:27]：编号：00001186   小说名：《》 下载失败。
[2018-03-15 11:03:27]：编号：00001186   下载失败。
[2018-03-15 11:03:27]：编号：00001176   小说名：《》 下载失败。
[2018-03-15 11:03:27]：编号：00001176   下载失败。
[2018-03-15 11:03:27]：编号：00001189   小说名：《》 下载失败。
[2018-03-15 11:03:27]：编号：00001189   下载失败。
[2018-03-15 11:03:27]：编号：00001171   小说名：《》 下载失败。
[2018-03-15 11:03:27]：编号：00001171   下载失败。
[2018-03-15 11:03:27]：编号：00001178   小说名：《》 下载失败。
[2018-03-15 11:03:27]：编号：00001178   下载失败。
[2018-03-15 11:03:27]：编号：00001193   小说名：《》 下载失败。
[2018-03-15 11:03:27]：编号：00001193   下载失败。
[2018-03-15 11:03:27]：编号：00001195   小说名：《》 下载失败。
[2018-03-15 11:03:27]：编号：00001195   下载失败。
[2018-03-15 11:03:27]：编号：00001198   小说名：《》 下载失败。
[2018-03-15 11:03:27]：编号：00001198   下载失败。
[2018-03-15 11:03:27]：编号：00001179   小说名：《》 下载失败。
[2018-03-15 11:03:27]：编号：00001179   下载失败。
[2018-03-15 11:03:27]：编号：00001174   小说名：《》 下载失败。
[2018-03-15 11:03:27]：编号：00001174   下载失败。
[2018-03-15 11:03:27]：编号：00001184   小说名：《》 下载失败。
[2018-03-15 11:03:27]：编号：00001184   下载失败。
[2018-03-15 11:03:27]：编号：00001192   小说名：《》 下载失败。
[2018-03-15 11:03:27]：编号：00001192   下载失败。
[2018-03-15 11:03:27]：编号：00001194   小说名：《》 下载失败。
[2018-03-15 11:03:27]：编号：00001194   下载失败。
[2018-03-15 11:03:27]：编号：00001199   小说名：《》 下载失败。
[2018-03-15 11:03:27]：编号：00001199   下载失败。
[2018-03-15 11:03:27]：编号：00001197   小说名：《》 下载失败。
[2018-03-15 11:03:27]：编号：00001197   下载失败。
[2018-03-15 11:03:30]：编号：00001200   小说名：《》 下载失败。
[2018-03-15 11:03:30]：编号：00001200   下载失败。
[2018-03-15 11:03:30]：编号：00001203   小说名：《》 下载失败。
[2018-03-15 11:03:30]：编号：00001203   下载失败。
[2018-03-15 11:03:30]：编号：00001202   小说名：《》 下载失败。
[2018-03-15 11:03:30]：编号：00001202   下载失败。
[2018-03-15 11:03:30]：编号：00001205   小说名：《》 下载失败。
[2018-03-15 11:03:30]：编号：00001205   下载失败。
[2018-03-15 11:03:30]：编号：00001212   小说名：《》 下载失败。
[2018-03-15 11:03:30]：编号：00001212   下载失败。
[2018-03-15 11:03:30]：编号：00001208   小说名：《》 下载失败。
[2018-03-15 11:03:30]：编号：00001208   下载失败。
[2018-03-15 11:03:30]：编号：00001214   小说名：《》 下载失败。
[2018-03-15 11:03:30]：编号：00001214   下载失败。
[2018-03-15 11:03:30]：编号：00001215   小说名：《》 下载失败。
[2018-03-15 11:03:30]：编号：00001215   下载失败。
[2018-03-15 11:03:30]：编号：00001204   小说名：《》 下载失败。
[2018-03-15 11:03:30]：编号：00001204   下载失败。
[2018-03-15 11:03:30]：编号：00001224   小说名：《》 下载失败。
[2018-03-15 11:03:30]：编号：00001224   下载失败。
[2018-03-15 11:03:30]：编号：00001223   小说名：《》 下载失败。
[2018-03-15 11:03:30]：编号：00001223   下载失败。
[2018-03-15 11:03:30]：编号：00001217   小说名：《》 下载失败。
[2018-03-15 11:03:30]：编号：00001217   下载失败。
[2018-03-15 11:03:30]：编号：00001229   小说名：《》 下载失败。
[2018-03-15 11:03:30]：编号：00001229   下载失败。
[2018-03-15 11:03:30]：编号：00001207   小说名：《》 下载失败。
[2018-03-15 11:03:30]：编号：00001207   下载失败。
[2018-03-15 11:03:30]：编号：00001210   小说名：《》 下载失败。
[2018-03-15 11:03:30]：编号：00001210   下载失败。
[2018-03-15 11:03:30]：编号：00001228   小说名：《》 下载失败。
[2018-03-15 11:03:30]：编号：00001228   下载失败。
[2018-03-15 11:03:30]：编号：00001201   小说名：《》 下载失败。
[2018-03-15 11:03:30]：编号：00001201   下载失败。
[2018-03-15 11:03:30]：编号：00001221   小说名：《》 下载失败。
[2018-03-15 11:03:30]：编号：00001221   下载失败。
[2018-03-15 11:03:30]：编号：00001213   小说名：《》 下载失败。
[2018-03-15 11:03:30]：编号：00001213   下载失败。
[2018-03-15 11:03:30]：编号：00001226   小说名：《》 下载失败。
[2018-03-15 11:03:30]：编号：00001226   下载失败。
[2018-03-15 11:03:30]：编号：00001227   小说名：《》 下载失败。
[2018-03-15 11:03:30]：编号：00001227   下载失败。
[2018-03-15 11:03:30]：编号：00001218   小说名：《》 下载失败。
[2018-03-15 11:03:30]：编号：00001218   下载失败。
[2018-03-15 11:03:30]：编号：00001216   小说名：《》 下载失败。
[2018-03-15 11:03:30]：编号：00001216   下载失败。
[2018-03-15 11:03:30]：编号：00001209   小说名：《》 下载失败。
[2018-03-15 11:03:30]：编号：00001209   下载失败。
[2018-03-15 11:03:30]：编号：00001211   小说名：《》 下载失败。
[2018-03-15 11:03:30]：编号：00001211   下载失败。
[2018-03-15 11:03:30]：编号：00001206   小说名：《》 下载失败。
[2018-03-15 11:03:30]：编号：00001206   下载失败。
[2018-03-15 11:03:30]：编号：00001219   小说名：《》 下载失败。
[2018-03-15 11:03:30]：编号：00001219   下载失败。
[2018-03-15 11:03:30]：编号：00001220   小说名：《》 下载失败。
[2018-03-15 11:03:30]：编号：00001220   下载失败。
[2018-03-15 11:03:30]：编号：00001240   小说名：《》 下载失败。
[2018-03-15 11:03:30]：编号：00001240   下载失败。
[2018-03-15 11:03:30]：编号：00001222   小说名：《》 下载失败。
[2018-03-15 11:03:30]：编号：00001222   下载失败。
[2018-03-15 11:03:30]：编号：00001241   小说名：《》 下载失败。
[2018-03-15 11:03:30]：编号：00001241   下载失败。
[2018-03-15 11:03:30]：编号：00001225   小说名：《》 下载失败。
[2018-03-15 11:03:30]：编号：00001225   下载失败。
[2018-03-15 11:03:30]：编号：00001246   小说名：《》 下载失败。
[2018-03-15 11:03:30]：编号：00001246   下载失败。
[2018-03-15 11:03:30]：编号：00001230   小说名：《》 下载失败。
[2018-03-15 11:03:30]：编号：00001230   下载失败。
[2018-03-15 11:03:30]：编号：00001231   小说名：《》 下载失败。
[2018-03-15 11:03:30]：编号：00001231   下载失败。
[2018-03-15 11:03:30]：编号：00001251   小说名：《》 下载失败。
[2018-03-15 11:03:30]：编号：00001251   下载失败。
[2018-03-15 11:03:30]：编号：00001232   小说名：《》 下载失败。
[2018-03-15 11:03:30]：编号：00001232   下载失败。
[2018-03-15 11:03:30]：编号：00001233   小说名：《》 下载失败。
[2018-03-15 11:03:30]：编号：00001233   下载失败。
[2018-03-15 11:03:30]：编号：00001234   小说名：《》 下载失败。
[2018-03-15 11:03:30]：编号：00001234   下载失败。
[2018-03-15 11:03:30]：编号：00001255   小说名：《》 下载失败。
[2018-03-15 11:03:30]：编号：00001255   下载失败。
[2018-03-15 11:03:30]：编号：00001236   小说名：《》 下载失败。
[2018-03-15 11:03:30]：编号：00001236   下载失败。
[2018-03-15 11:03:30]：编号：00001237   小说名：《》 下载失败。
[2018-03-15 11:03:30]：编号：00001237   下载失败。
[2018-03-15 11:03:30]：编号：00001259   小说名：《》 下载失败。
[2018-03-15 11:03:30]：编号：00001259   下载失败。
[2018-03-15 11:03:30]：编号：00001254   小说名：《》 下载失败。
[2018-03-15 11:03:30]：编号：00001254   下载失败。
[2018-03-15 11:03:30]：编号：00001263   小说名：《》 下载失败。
[2018-03-15 11:03:30]：编号：00001263   下载失败。
[2018-03-15 11:03:30]：编号：00001238   小说名：《》 下载失败。
[2018-03-15 11:03:30]：编号：00001238   下载失败。
[2018-03-15 11:03:30]：编号：00001262   小说名：《》 下载失败。
[2018-03-15 11:03:30]：编号：00001262   下载失败。
[2018-03-15 11:03:30]：编号：00001264   小说名：《》 下载失败。
[2018-03-15 11:03:30]：编号：00001264   下载失败。
[2018-03-15 11:03:30]：编号：00001235   小说名：《》 下载失败。
[2018-03-15 11:03:30]：编号：00001235   下载失败。
[2018-03-15 11:03:30]：编号：00001239   小说名：《》 下载失败。
[2018-03-15 11:03:30]：编号：00001239   下载失败。
[2018-03-15 11:03:30]：编号：00001245   小说名：《》 下载失败。
[2018-03-15 11:03:30]：编号：00001245   下载失败。
[2018-03-15 11:03:30]：编号：00001242   小说名：《》 下载失败。
[2018-03-15 11:03:30]：编号：00001242   下载失败。
[2018-03-15 11:03:30]：编号：00001266   小说名：《》 下载失败。
[2018-03-15 11:03:30]：编号：00001266   下载失败。
[2018-03-15 11:03:30]：编号：00001247   小说名：《》 下载失败。
[2018-03-15 11:03:30]：编号：00001247   下载失败。
[2018-03-15 11:03:30]：编号：00001249   小说名：《》 下载失败。
[2018-03-15 11:03:30]：编号：00001249   下载失败。
[2018-03-15 11:03:30]：编号：00001268   小说名：《》 下载失败。
[2018-03-15 11:03:30]：编号：00001268   下载失败。
[2018-03-15 11:03:30]：编号：00001248   小说名：《》 下载失败。
[2018-03-15 11:03:30]：编号：00001248   下载失败。
[2018-03-15 11:03:30]：编号：00001253   小说名：《》 下载失败。
[2018-03-15 11:03:30]：编号：00001253   下载失败。
[2018-03-15 11:03:30]：编号：00001267   小说名：《》 下载失败。
[2018-03-15 11:03:30]：编号：00001267   下载失败。
[2018-03-15 11:03:30]：编号：00001256   小说名：《》 下载失败。
[2018-03-15 11:03:30]：编号：00001256   下载失败。
[2018-03-15 11:03:30]：编号：00001258   小说名：《》 下载失败。
[2018-03-15 11:03:30]：编号：00001258   下载失败。
[2018-03-15 11:03:30]：编号：00001275   小说名：《》 下载失败。
[2018-03-15 11:03:30]：编号：00001275   下载失败。
[2018-03-15 11:03:30]：编号：00001257   小说名：《》 下载失败。
[2018-03-15 11:03:30]：编号：00001257   下载失败。
[2018-03-15 11:03:30]：编号：00001261   小说名：《》 下载失败。
[2018-03-15 11:03:30]：编号：00001261   下载失败。
[2018-03-15 11:03:30]：编号：00001270   小说名：《》 下载失败。
[2018-03-15 11:03:30]：编号：00001270   下载失败。
[2018-03-15 11:03:30]：编号：00001271   小说名：《》 下载失败。
[2018-03-15 11:03:30]：编号：00001271   下载失败。
[2018-03-15 11:03:30]：编号：00001265   小说名：《》 下载失败。
[2018-03-15 11:03:30]：编号：00001265   下载失败。
[2018-03-15 11:03:30]：编号：00001281   小说名：《》 下载失败。
[2018-03-15 11:03:30]：编号：00001281   下载失败。
[2018-03-15 11:03:30]：编号：00001282   小说名：《》 下载失败。
[2018-03-15 11:03:30]：编号：00001282   下载失败。
[2018-03-15 11:03:30]：编号：00001286   小说名：《》 下载失败。
[2018-03-15 11:03:30]：编号：00001286   下载失败。
[2018-03-15 11:03:30]：编号：00001285   小说名：《》 下载失败。
[2018-03-15 11:03:30]：编号：00001285   下载失败。
[2018-03-15 11:03:30]：编号：00001269   小说名：《》 下载失败。
[2018-03-15 11:03:30]：编号：00001269   下载失败。
[2018-03-15 11:03:30]：编号：00001287   小说名：《》 下载失败。
[2018-03-15 11:03:30]：编号：00001287   下载失败。
[2018-03-15 11:03:30]：编号：00001272   小说名：《》 下载失败。
[2018-03-15 11:03:30]：编号：00001272   下载失败。
[2018-03-15 11:03:30]：编号：00001273   小说名：《》 下载失败。
[2018-03-15 11:03:30]：编号：00001273   下载失败。
[2018-03-15 11:03:30]：编号：00001294   小说名：《》 下载失败。
[2018-03-15 11:03:30]：编号：00001294   下载失败。
[2018-03-15 11:03:30]：编号：00001292   小说名：《》 下载失败。
[2018-03-15 11:03:30]：编号：00001292   下载失败。
[2018-03-15 11:03:30]：编号：00001274   小说名：《》 下载失败。
[2018-03-15 11:03:30]：编号：00001274   下载失败。
[2018-03-15 11:03:30]：编号：00001276   小说名：《》 下载失败。
[2018-03-15 11:03:30]：编号：00001276   下载失败。
[2018-03-15 11:03:30]：编号：00001278   小说名：《》 下载失败。
[2018-03-15 11:03:30]：编号：00001278   下载失败。
[2018-03-15 11:03:30]：编号：00001279   小说名：《》 下载失败。
[2018-03-15 11:03:30]：编号：00001279   下载失败。
[2018-03-15 11:03:30]：编号：00001277   小说名：《》 下载失败。
[2018-03-15 11:03:30]：编号：00001277   下载失败。
[2018-03-15 11:03:30]：编号：00001280   小说名：《》 下载失败。
[2018-03-15 11:03:30]：编号：00001280   下载失败。
[2018-03-15 11:03:30]：编号：00001283   小说名：《》 下载失败。
[2018-03-15 11:03:30]：编号：00001283   下载失败。
[2018-03-15 11:03:30]：编号：00001284   小说名：《》 下载失败。
[2018-03-15 11:03:30]：编号：00001284   下载失败。
[2018-03-15 11:03:30]：编号：00001288   小说名：《》 下载失败。
[2018-03-15 11:03:30]：编号：00001288   下载失败。
[2018-03-15 11:03:30]：编号：00001291   小说名：《》 下载失败。
[2018-03-15 11:03:30]：编号：00001291   下载失败。
[2018-03-15 11:03:30]：编号：00001290   小说名：《》 下载失败。
[2018-03-15 11:03:30]：编号：00001290   下载失败。
[2018-03-15 11:03:30]：编号：00001289   小说名：《》 下载失败。
[2018-03-15 11:03:30]：编号：00001289   下载失败。
[2018-03-15 11:03:30]：编号：00001293   小说名：《》 下载失败。
[2018-03-15 11:03:30]：编号：00001293   下载失败。
[2018-03-15 11:03:30]：编号：00001295   小说名：《》 下载失败。
[2018-03-15 11:03:30]：编号：00001295   下载失败。
[2018-03-15 11:03:30]：编号：00001296   小说名：《》 下载失败。
[2018-03-15 11:03:30]：编号：00001296   下载失败。
[2018-03-15 11:03:30]：编号：00001297   小说名：《》 下载失败。
[2018-03-15 11:03:30]：编号：00001297   下载失败。
[2018-03-15 11:03:30]：编号：00001299   小说名：《》 下载失败。
[2018-03-15 11:03:30]：编号：00001299   下载失败。
[2018-03-15 11:03:30]：编号：00001298   小说名：《》 下载失败。
[2018-03-15 11:03:30]：编号：00001298   下载失败。
[2018-03-15 11:03:32]：编号：00001301   小说名：《》 下载失败。
[2018-03-15 11:03:32]：编号：00001301   下载失败。
[2018-03-15 11:03:32]：编号：00001306   小说名：《》 下载失败。
[2018-03-15 11:03:32]：编号：00001306   下载失败。
[2018-03-15 11:03:32]：编号：00001308   小说名：《》 下载失败。
[2018-03-15 11:03:32]：编号：00001308   下载失败。
[2018-03-15 11:03:32]：编号：00001311   小说名：《》 下载失败。
[2018-03-15 11:03:32]：编号：00001311   下载失败。
[2018-03-15 11:03:32]：编号：00001312   小说名：《》 下载失败。
[2018-03-15 11:03:32]：编号：00001312   下载失败。
[2018-03-15 11:03:32]：编号：00001314   小说名：《》 下载失败。
[2018-03-15 11:03:32]：编号：00001314   下载失败。
[2018-03-15 11:03:32]：编号：00001313   小说名：《》 下载失败。
[2018-03-15 11:03:32]：编号：00001313   下载失败。
[2018-03-15 11:03:32]：编号：00001315   小说名：《》 下载失败。
[2018-03-15 11:03:32]：编号：00001315   下载失败。
[2018-03-15 11:03:32]：编号：00001319   小说名：《》 下载失败。
[2018-03-15 11:03:32]：编号：00001319   下载失败。
[2018-03-15 11:03:32]：编号：00001302   小说名：《》 下载失败。
[2018-03-15 11:03:32]：编号：00001302   下载失败。
[2018-03-15 11:03:32]：编号：00001300   小说名：《》 下载失败。
[2018-03-15 11:03:32]：编号：00001300   下载失败。
[2018-03-15 11:03:32]：编号：00001307   小说名：《》 下载失败。
[2018-03-15 11:03:32]：编号：00001307   下载失败。
[2018-03-15 11:03:32]：编号：00001305   小说名：《》 下载失败。
[2018-03-15 11:03:32]：编号：00001305   下载失败。
[2018-03-15 11:03:32]：编号：00001303   小说名：《》 下载失败。
[2018-03-15 11:03:32]：编号：00001303   下载失败。
[2018-03-15 11:03:32]：编号：00001304   小说名：《》 下载失败。
[2018-03-15 11:03:32]：编号：00001304   下载失败。
[2018-03-15 11:03:32]：编号：00001330   小说名：《》 下载失败。
[2018-03-15 11:03:32]：编号：00001330   下载失败。
[2018-03-15 11:03:32]：编号：00001328   小说名：《》 下载失败。
[2018-03-15 11:03:32]：编号：00001328   下载失败。
[2018-03-15 11:03:32]：编号：00001309   小说名：《》 下载失败。
[2018-03-15 11:03:32]：编号：00001309   下载失败。
[2018-03-15 11:03:32]：编号：00001334   小说名：《》 下载失败。
[2018-03-15 11:03:32]：编号：00001334   下载失败。
[2018-03-15 11:03:32]：编号：00001310   小说名：《》 下载失败。
[2018-03-15 11:03:32]：编号：00001310   下载失败。
[2018-03-15 11:03:32]：编号：00001332   小说名：《》 下载失败。
[2018-03-15 11:03:32]：编号：00001332   下载失败。
[2018-03-15 11:03:32]：编号：00001316   小说名：《》 下载失败。
[2018-03-15 11:03:32]：编号：00001316   下载失败。
[2018-03-15 11:03:32]：编号：00001335   小说名：《》 下载失败。
[2018-03-15 11:03:32]：编号：00001335   下载失败。
[2018-03-15 11:03:32]：编号：00001317   小说名：《》 下载失败。
[2018-03-15 11:03:32]：编号：00001317   下载失败。
[2018-03-15 11:03:32]：编号：00001338   小说名：《》 下载失败。
[2018-03-15 11:03:32]：编号：00001338   下载失败。
[2018-03-15 11:03:32]：编号：00001320   小说名：《》 下载失败。
[2018-03-15 11:03:32]：编号：00001320   下载失败。
[2018-03-15 11:03:32]：编号：00001337   小说名：《》 下载失败。
[2018-03-15 11:03:32]：编号：00001337   下载失败。
[2018-03-15 11:03:32]：编号：00001322   小说名：《》 下载失败。
[2018-03-15 11:03:32]：编号：00001322   下载失败。
[2018-03-15 11:03:32]：编号：00001318   小说名：《》 下载失败。
[2018-03-15 11:03:32]：编号：00001318   下载失败。
[2018-03-15 11:03:32]：编号：00001344   小说名：《》 下载失败。
[2018-03-15 11:03:32]：编号：00001344   下载失败。
[2018-03-15 11:03:32]：编号：00001327   小说名：《》 下载失败。
[2018-03-15 11:03:32]：编号：00001327   下载失败。
[2018-03-15 11:03:32]：编号：00001324   小说名：《》 下载失败。
[2018-03-15 11:03:32]：编号：00001324   下载失败。
[2018-03-15 11:03:32]：编号：00001323   小说名：《》 下载失败。
[2018-03-15 11:03:32]：编号：00001323   下载失败。
[2018-03-15 11:03:32]：编号：00001343   小说名：《》 下载失败。
[2018-03-15 11:03:32]：编号：00001343   下载失败。
[2018-03-15 11:03:32]：编号：00001325   小说名：《》 下载失败。
[2018-03-15 11:03:32]：编号：00001325   下载失败。
[2018-03-15 11:03:32]：编号：00001326   小说名：《》 下载失败。
[2018-03-15 11:03:33]：编号：00001326   下载失败。
[2018-03-15 11:03:32]：编号：00001329   小说名：《》 下载失败。
[2018-03-15 11:03:33]：编号：00001329   下载失败。
[2018-03-15 11:03:32]：编号：00001321   小说名：《》 下载失败。
[2018-03-15 11:03:32]：编号：00001321   下载失败。
[2018-03-15 11:03:33]：编号：00001333   小说名：《》 下载失败。
[2018-03-15 11:03:33]：编号：00001333   下载失败。
[2018-03-15 11:03:33]：编号：00001331   小说名：《》 下载失败。
[2018-03-15 11:03:33]：编号：00001331   下载失败。
[2018-03-15 11:03:33]：编号：00001336   小说名：《》 下载失败。
[2018-03-15 11:03:33]：编号：00001336   下载失败。
[2018-03-15 11:03:33]：编号：00001339   小说名：《》 下载失败。
[2018-03-15 11:03:33]：编号：00001339   下载失败。
[2018-03-15 11:03:33]：编号：00001340   小说名：《》 下载失败。
[2018-03-15 11:03:33]：编号：00001340   下载失败。
[2018-03-15 11:03:33]：编号：00001342   小说名：《》 下载失败。
[2018-03-15 11:03:33]：编号：00001342   下载失败。
[2018-03-15 11:03:33]：编号：00001347   小说名：《》 下载失败。
[2018-03-15 11:03:33]：编号：00001347   下载失败。
[2018-03-15 11:03:33]：编号：00001346   小说名：《》 下载失败。
[2018-03-15 11:03:33]：编号：00001346   下载失败。
[2018-03-15 11:03:33]：编号：00001341   小说名：《》 下载失败。
[2018-03-15 11:03:33]：编号：00001341   下载失败。
[2018-03-15 11:03:33]：编号：00001345   小说名：《》 下载失败。
[2018-03-15 11:03:33]：编号：00001345   下载失败。
[2018-03-15 11:03:33]：编号：00001348   小说名：《》 下载失败。
[2018-03-15 11:03:33]：编号：00001348   下载失败。
[2018-03-15 11:03:33]：编号：00001351   小说名：《》 下载失败。
[2018-03-15 11:03:33]：编号：00001351   下载失败。
[2018-03-15 11:03:33]：编号：00001350   小说名：《》 下载失败。
[2018-03-15 11:03:33]：编号：00001350   下载失败。
[2018-03-15 11:03:33]：编号：00001353   小说名：《》 下载失败。
[2018-03-15 11:03:33]：编号：00001353   下载失败。
[2018-03-15 11:03:33]：编号：00001357   小说名：《》 下载失败。
[2018-03-15 11:03:33]：编号：00001357   下载失败。
[2018-03-15 11:03:33]：编号：00001358   小说名：《》 下载失败。
[2018-03-15 11:03:33]：编号：00001358   下载失败。
[2018-03-15 11:03:33]：编号：00001355   小说名：《》 下载失败。
[2018-03-15 11:03:33]：编号：00001355   下载失败。
[2018-03-15 11:03:33]：编号：00001361   小说名：《》 下载失败。
[2018-03-15 11:03:33]：编号：00001361   下载失败。
[2018-03-15 11:03:33]：编号：00001363   小说名：《》 下载失败。
[2018-03-15 11:03:33]：编号：00001363   下载失败。
[2018-03-15 11:03:33]：编号：00001349   小说名：《》 下载失败。
[2018-03-15 11:03:33]：编号：00001349   下载失败。
[2018-03-15 11:03:33]：编号：00001365   小说名：《》 下载失败。
[2018-03-15 11:03:33]：编号：00001365   下载失败。
[2018-03-15 11:03:33]：编号：00001367   小说名：《》 下载失败。
[2018-03-15 11:03:33]：编号：00001367   下载失败。
[2018-03-15 11:03:33]：编号：00001369   小说名：《》 下载失败。
[2018-03-15 11:03:33]：编号：00001369   下载失败。
[2018-03-15 11:03:33]：编号：00001370   小说名：《》 下载失败。
[2018-03-15 11:03:33]：编号：00001370   下载失败。
[2018-03-15 11:03:33]：编号：00001373   小说名：《》 下载失败。
[2018-03-15 11:03:33]：编号：00001373   下载失败。
[2018-03-15 11:03:33]：编号：00001354   小说名：《》 下载失败。
[2018-03-15 11:03:33]：编号：00001354   下载失败。
[2018-03-15 11:03:33]：编号：00001352   小说名：《》 下载失败。
[2018-03-15 11:03:33]：编号：00001352   下载失败。
[2018-03-15 11:03:33]：编号：00001356   小说名：《》 下载失败。
[2018-03-15 11:03:33]：编号：00001356   下载失败。
[2018-03-15 11:03:33]：编号：00001360   小说名：《》 下载失败。
[2018-03-15 11:03:33]：编号：00001360   下载失败。
[2018-03-15 11:03:33]：编号：00001359   小说名：《》 下载失败。
[2018-03-15 11:03:33]：编号：00001359   下载失败。
[2018-03-15 11:03:33]：编号：00001364   小说名：《》 下载失败。
[2018-03-15 11:03:33]：编号：00001364   下载失败。
[2018-03-15 11:03:33]：编号：00001382   小说名：《》 下载失败。
[2018-03-15 11:03:33]：编号：00001382   下载失败。
[2018-03-15 11:03:33]：编号：00001386   小说名：《》 下载失败。
[2018-03-15 11:03:33]：编号：00001386   下载失败。
[2018-03-15 11:03:33]：编号：00001384   小说名：《》 下载失败。
[2018-03-15 11:03:33]：编号：00001384   下载失败。
[2018-03-15 11:03:33]：编号：00001388   小说名：《》 下载失败。
[2018-03-15 11:03:33]：编号：00001388   下载失败。
[2018-03-15 11:03:33]：编号：00001366   小说名：《》 下载失败。
[2018-03-15 11:03:33]：编号：00001366   下载失败。
[2018-03-15 11:03:33]：编号：00001385   小说名：《》 下载失败。
[2018-03-15 11:03:33]：编号：00001385   下载失败。
[2018-03-15 11:03:33]：编号：00001368   小说名：《》 下载失败。
[2018-03-15 11:03:33]：编号：00001368   下载失败。
[2018-03-15 11:03:33]：编号：00001371   小说名：《》 下载失败。
[2018-03-15 11:03:33]：编号：00001371   下载失败。
[2018-03-15 11:03:33]：编号：00001393   小说名：《》 下载失败。
[2018-03-15 11:03:33]：编号：00001393   下载失败。
[2018-03-15 11:03:33]：编号：00001389   小说名：《》 下载失败。
[2018-03-15 11:03:33]：编号：00001389   下载失败。
[2018-03-15 11:03:33]：编号：00001374   小说名：《》 下载失败。
[2018-03-15 11:03:33]：编号：00001374   下载失败。
[2018-03-15 11:03:33]：编号：00001390   小说名：《》 下载失败。
[2018-03-15 11:03:33]：编号：00001390   下载失败。
[2018-03-15 11:03:33]：编号：00001395   小说名：《》 下载失败。
[2018-03-15 11:03:33]：编号：00001395   下载失败。
[2018-03-15 11:03:33]：编号：00001391   小说名：《》 下载失败。
[2018-03-15 11:03:33]：编号：00001391   下载失败。
[2018-03-15 11:03:33]：编号：00001375   小说名：《》 下载失败。
[2018-03-15 11:03:33]：编号：00001375   下载失败。
[2018-03-15 11:03:33]：编号：00001392   小说名：《》 下载失败。
[2018-03-15 11:03:33]：编号：00001392   下载失败。
[2018-03-15 11:03:33]：编号：00001376   小说名：《》 下载失败。
[2018-03-15 11:03:33]：编号：00001376   下载失败。
[2018-03-15 11:03:33]：编号：00001378   小说名：《》 下载失败。
[2018-03-15 11:03:33]：编号：00001378   下载失败。
[2018-03-15 11:03:33]：编号：00001380   小说名：《》 下载失败。
[2018-03-15 11:03:33]：编号：00001380   下载失败。
[2018-03-15 11:03:33]：编号：00001377   小说名：《》 下载失败。
[2018-03-15 11:03:33]：编号：00001377   下载失败。
[2018-03-15 11:03:33]：编号：00001398   小说名：《》 下载失败。
[2018-03-15 11:03:33]：编号：00001398   下载失败。
[2018-03-15 11:03:33]：编号：00001381   小说名：《》 下载失败。
[2018-03-15 11:03:33]：编号：00001381   下载失败。
[2018-03-15 11:03:33]：编号：00001383   小说名：《》 下载失败。
[2018-03-15 11:03:33]：编号：00001383   下载失败。
[2018-03-15 11:03:33]：编号：00001379   小说名：《》 下载失败。
[2018-03-15 11:03:33]：编号：00001379   下载失败。
[2018-03-15 11:03:33]：编号：00001387   小说名：《》 下载失败。
[2018-03-15 11:03:33]：编号：00001387   下载失败。
[2018-03-15 11:03:33]：编号：00001394   小说名：《》 下载失败。
[2018-03-15 11:03:33]：编号：00001394   下载失败。
[2018-03-15 11:03:33]：编号：00001396   小说名：《》 下载失败。
[2018-03-15 11:03:33]：编号：00001396   下载失败。
[2018-03-15 11:03:33]：编号：00001397   小说名：《》 下载失败。
[2018-03-15 11:03:33]：编号：00001397   下载失败。
[2018-03-15 11:03:33]：编号：00001399   小说名：《》 下载失败。
[2018-03-15 11:03:33]：编号：00001399   下载失败。
[2018-03-15 11:03:35]：编号：00001402   小说名：《》 下载失败。
[2018-03-15 11:03:35]：编号：00001402   下载失败。
[2018-03-15 11:03:35]：编号：00001404   小说名：《》 下载失败。
[2018-03-15 11:03:35]：编号：00001404   下载失败。
[2018-03-15 11:03:35]：编号：00001407   小说名：《》 下载失败。
[2018-03-15 11:03:35]：编号：00001407   下载失败。
[2018-03-15 11:03:35]：编号：00001411   小说名：《》 下载失败。
[2018-03-15 11:03:35]：编号：00001411   下载失败。
[2018-03-15 11:03:35]：编号：00001406   小说名：《》 下载失败。
[2018-03-15 11:03:35]：编号：00001406   下载失败。
[2018-03-15 11:03:35]：编号：00001409   小说名：《》 下载失败。
[2018-03-15 11:03:35]：编号：00001409   下载失败。
[2018-03-15 11:03:35]：编号：00001403   小说名：《》 下载失败。
[2018-03-15 11:03:35]：编号：00001403   下载失败。
[2018-03-15 11:03:35]：编号：00001424   小说名：《》 下载失败。
[2018-03-15 11:03:35]：编号：00001424   下载失败。
[2018-03-15 11:03:35]：编号：00001415   小说名：《》 下载失败。
[2018-03-15 11:03:35]：编号：00001415   下载失败。
[2018-03-15 11:03:35]：编号：00001413   小说名：《》 下载失败。
[2018-03-15 11:03:35]：编号：00001413   下载失败。
[2018-03-15 11:03:35]：编号：00001426   小说名：《》 下载失败。
[2018-03-15 11:03:35]：编号：00001426   下载失败。
[2018-03-15 11:03:35]：编号：00001401   小说名：《》 下载失败。
[2018-03-15 11:03:35]：编号：00001401   下载失败。
[2018-03-15 11:03:35]：编号：00001420   小说名：《》 下载失败。
[2018-03-15 11:03:35]：编号：00001420   下载失败。
[2018-03-15 11:03:35]：编号：00001427   小说名：《》 下载失败。
[2018-03-15 11:03:35]：编号：00001427   下载失败。
[2018-03-15 11:03:35]：编号：00001431   小说名：《》 下载失败。
[2018-03-15 11:03:35]：编号：00001431   下载失败。
[2018-03-15 11:03:35]：编号：00001425   小说名：《》 下载失败。
[2018-03-15 11:03:35]：编号：00001425   下载失败。
[2018-03-15 11:03:35]：编号：00001439   小说名：《》 下载失败。
[2018-03-15 11:03:35]：编号：00001439   下载失败。
[2018-03-15 11:03:35]：编号：00001405   小说名：《》 下载失败。
[2018-03-15 11:03:35]：编号：00001405   下载失败。
[2018-03-15 11:03:35]：编号：00001447   小说名：《》 下载失败。
[2018-03-15 11:03:35]：编号：00001447   下载失败。
[2018-03-15 11:03:35]：编号：00001440   小说名：《》 下载失败。
[2018-03-15 11:03:35]：编号：00001440   下载失败。
[2018-03-15 11:03:35]：编号：00001416   小说名：《》 下载失败。
[2018-03-15 11:03:35]：编号：00001416   下载失败。
[2018-03-15 11:03:35]：编号：00001456   小说名：《》 下载失败。
[2018-03-15 11:03:35]：编号：00001456   下载失败。
[2018-03-15 11:03:35]：编号：00001418   小说名：《》 下载失败。
[2018-03-15 11:03:35]：编号：00001418   下载失败。
[2018-03-15 11:03:35]：编号：00001421   小说名：《》 下载失败。
[2018-03-15 11:03:35]：编号：00001421   下载失败。
[2018-03-15 11:03:35]：编号：00001408   小说名：《》 下载失败。
[2018-03-15 11:03:35]：编号：00001408   下载失败。
[2018-03-15 11:03:35]：编号：00001419   小说名：《》 下载失败。
[2018-03-15 11:03:35]：编号：00001419   下载失败。
[2018-03-15 11:03:35]：编号：00001423   小说名：《》 下载失败。
[2018-03-15 11:03:35]：编号：00001423   下载失败。
[2018-03-15 11:03:35]：编号：00001432   小说名：《》 下载失败。
[2018-03-15 11:03:35]：编号：00001432   下载失败。
[2018-03-15 11:03:35]：编号：00001417   小说名：《》 下载失败。
[2018-03-15 11:03:35]：编号：00001417   下载失败。
[2018-03-15 11:03:35]：编号：00001455   小说名：《》 下载失败。
[2018-03-15 11:03:35]：编号：00001455   下载失败。
[2018-03-15 11:03:35]：编号：00001422   小说名：《》 下载失败。
[2018-03-15 11:03:35]：编号：00001422   下载失败。
[2018-03-15 11:03:35]：编号：00001436   小说名：《》 下载失败。
[2018-03-15 11:03:35]：编号：00001436   下载失败。
[2018-03-15 11:03:35]：编号：00001428   小说名：《》 下载失败。
[2018-03-15 11:03:35]：编号：00001428   下载失败。
[2018-03-15 11:03:35]：编号：00001400   小说名：《》 下载失败。
[2018-03-15 11:03:35]：编号：00001400   下载失败。
[2018-03-15 11:03:35]：编号：00001410   小说名：《》 下载失败。
[2018-03-15 11:03:35]：编号：00001410   下载失败。
[2018-03-15 11:03:35]：编号：00001434   小说名：《》 下载失败。
[2018-03-15 11:03:35]：编号：00001434   下载失败。
[2018-03-15 11:03:35]：编号：00001446   小说名：《》 下载失败。
[2018-03-15 11:03:35]：编号：00001446   下载失败。
[2018-03-15 11:03:35]：编号：00001438   小说名：《》 下载失败。
[2018-03-15 11:03:35]：编号：00001438   下载失败。
[2018-03-15 11:03:35]：编号：00001442   小说名：《》 下载失败。
[2018-03-15 11:03:35]：编号：00001442   下载失败。
[2018-03-15 11:03:35]：编号：00001429   小说名：《》 下载失败。
[2018-03-15 11:03:35]：编号：00001429   下载失败。
[2018-03-15 11:03:35]：编号：00001435   小说名：《》 下载失败。
[2018-03-15 11:03:35]：编号：00001435   下载失败。
[2018-03-15 11:03:35]：编号：00001414   小说名：《》 下载失败。
[2018-03-15 11:03:35]：编号：00001414   下载失败。
[2018-03-15 11:03:35]：编号：00001437   小说名：《》 下载失败。
[2018-03-15 11:03:35]：编号：00001437   下载失败。
[2018-03-15 11:03:35]：编号：00001471   小说名：《》 下载失败。
[2018-03-15 11:03:35]：编号：00001471   下载失败。
[2018-03-15 11:03:35]：编号：00001412   小说名：《》 下载失败。
[2018-03-15 11:03:35]：编号：00001412   下载失败。
[2018-03-15 11:03:35]：编号：00001433   小说名：《》 下载失败。
[2018-03-15 11:03:35]：编号：00001433   下载失败。
[2018-03-15 11:03:35]：编号：00001445   小说名：《》 下载失败。
[2018-03-15 11:03:35]：编号：00001445   下载失败。
[2018-03-15 11:03:35]：编号：00001451   小说名：《》 下载失败。
[2018-03-15 11:03:35]：编号：00001451   下载失败。
[2018-03-15 11:03:35]：编号：00001444   小说名：《》 下载失败。
[2018-03-15 11:03:35]：编号：00001444   下载失败。
[2018-03-15 11:03:35]：编号：00001480   小说名：《》 下载失败。
[2018-03-15 11:03:35]：编号：00001480   下载失败。
[2018-03-15 11:03:35]：编号：00001441   小说名：《》 下载失败。
[2018-03-15 11:03:35]：编号：00001441   下载失败。
[2018-03-15 11:03:35]：编号：00001452   小说名：《》 下载失败。
[2018-03-15 11:03:35]：编号：00001452   下载失败。
[2018-03-15 11:03:35]：编号：00001453   小说名：《》 下载失败。
[2018-03-15 11:03:35]：编号：00001453   下载失败。
[2018-03-15 11:03:35]：编号：00001450   小说名：《》 下载失败。
[2018-03-15 11:03:35]：编号：00001450   下载失败。
[2018-03-15 11:03:35]：编号：00001430   小说名：《》 下载失败。
[2018-03-15 11:03:35]：编号：00001430   下载失败。
[2018-03-15 11:03:35]：编号：00001443   小说名：《》 下载失败。
[2018-03-15 11:03:35]：编号：00001443   下载失败。
[2018-03-15 11:03:35]：编号：00001448   小说名：《》 下载失败。
[2018-03-15 11:03:35]：编号：00001448   下载失败。
[2018-03-15 11:03:35]：编号：00001461   小说名：《》 下载失败。
[2018-03-15 11:03:35]：编号：00001461   下载失败。
[2018-03-15 11:03:35]：编号：00001473   小说名：《》 下载失败。
[2018-03-15 11:03:35]：编号：00001473   下载失败。
[2018-03-15 11:03:35]：编号：00001454   小说名：《》 下载失败。
[2018-03-15 11:03:35]：编号：00001454   下载失败。
[2018-03-15 11:03:35]：编号：00001462   小说名：《》 下载失败。
[2018-03-15 11:03:35]：编号：00001462   下载失败。
[2018-03-15 11:03:35]：编号：00001449   小说名：《》 下载失败。
[2018-03-15 11:03:35]：编号：00001449   下载失败。
[2018-03-15 11:03:35]：编号：00001478   小说名：《》 下载失败。
[2018-03-15 11:03:35]：编号：00001478   下载失败。
[2018-03-15 11:03:35]：编号：00001476   小说名：《》 下载失败。
[2018-03-15 11:03:35]：编号：00001476   下载失败。
[2018-03-15 11:03:35]：编号：00001457   小说名：《》 下载失败。
[2018-03-15 11:03:35]：编号：00001457   下载失败。
[2018-03-15 11:03:35]：编号：00001458   小说名：《》 下载失败。
[2018-03-15 11:03:35]：编号：00001458   下载失败。
[2018-03-15 11:03:35]：编号：00001460   小说名：《》 下载失败。
[2018-03-15 11:03:35]：编号：00001460   下载失败。
[2018-03-15 11:03:35]：编号：00001464   小说名：《》 下载失败。
[2018-03-15 11:03:35]：编号：00001464   下载失败。
[2018-03-15 11:03:35]：编号：00001459   小说名：《》 下载失败。
[2018-03-15 11:03:35]：编号：00001459   下载失败。
[2018-03-15 11:03:35]：编号：00001483   小说名：《》 下载失败。
[2018-03-15 11:03:35]：编号：00001483   下载失败。
[2018-03-15 11:03:35]：编号：00001484   小说名：《》 下载失败。
[2018-03-15 11:03:35]：编号：00001484   下载失败。
[2018-03-15 11:03:35]：编号：00001470   小说名：《》 下载失败。
[2018-03-15 11:03:35]：编号：00001470   下载失败。
[2018-03-15 11:03:35]：编号：00001467   小说名：《》 下载失败。
[2018-03-15 11:03:35]：编号：00001467   下载失败。
[2018-03-15 11:03:35]：编号：00001466   小说名：《》 下载失败。
[2018-03-15 11:03:35]：编号：00001466   下载失败。
[2018-03-15 11:03:35]：编号：00001463   小说名：《》 下载失败。
[2018-03-15 11:03:35]：编号：00001463   下载失败。
[2018-03-15 11:03:35]：编号：00001485   小说名：《》 下载失败。
[2018-03-15 11:03:35]：编号：00001485   下载失败。
[2018-03-15 11:03:35]：编号：00001465   小说名：《》 下载失败。
[2018-03-15 11:03:35]：编号：00001465   下载失败。
[2018-03-15 11:03:35]：编号：00001493   小说名：《》 下载失败。
[2018-03-15 11:03:35]：编号：00001493   下载失败。
[2018-03-15 11:03:35]：编号：00001468   小说名：《》 下载失败。
[2018-03-15 11:03:35]：编号：00001468   下载失败。
[2018-03-15 11:03:35]：编号：00001488   小说名：《》 下载失败。
[2018-03-15 11:03:35]：编号：00001488   下载失败。
[2018-03-15 11:03:35]：编号：00001492   小说名：《》 下载失败。
[2018-03-15 11:03:35]：编号：00001492   下载失败。
[2018-03-15 11:03:35]：编号：00001475   小说名：《》 下载失败。
[2018-03-15 11:03:35]：编号：00001475   下载失败。
[2018-03-15 11:03:35]：编号：00001474   小说名：《》 下载失败。
[2018-03-15 11:03:35]：编号：00001474   下载失败。
[2018-03-15 11:03:35]：编号：00001477   小说名：《》 下载失败。
[2018-03-15 11:03:35]：编号：00001477   下载失败。
[2018-03-15 11:03:35]：编号：00001469   小说名：《》 下载失败。
[2018-03-15 11:03:35]：编号：00001469   下载失败。
[2018-03-15 11:03:35]：编号：00001472   小说名：《》 下载失败。
[2018-03-15 11:03:35]：编号：00001472   下载失败。
[2018-03-15 11:03:35]：编号：00001494   小说名：《》 下载失败。
[2018-03-15 11:03:35]：编号：00001494   下载失败。
[2018-03-15 11:03:35]：编号：00001479   小说名：《》 下载失败。
[2018-03-15 11:03:35]：编号：00001479   下载失败。
[2018-03-15 11:03:35]：编号：00001482   小说名：《》 下载失败。
[2018-03-15 11:03:35]：编号：00001482   下载失败。
[2018-03-15 11:03:35]：编号：00001481   小说名：《》 下载失败。
[2018-03-15 11:03:35]：编号：00001481   下载失败。
[2018-03-15 11:03:35]：编号：00001487   小说名：《》 下载失败。
[2018-03-15 11:03:35]：编号：00001487   下载失败。
[2018-03-15 11:03:35]：编号：00001490   小说名：《》 下载失败。
[2018-03-15 11:03:35]：编号：00001490   下载失败。
[2018-03-15 11:03:35]：编号：00001486   小说名：《》 下载失败。
[2018-03-15 11:03:35]：编号：00001486   下载失败。
[2018-03-15 11:03:35]：编号：00001489   小说名：《》 下载失败。
[2018-03-15 11:03:35]：编号：00001489   下载失败。
[2018-03-15 11:03:35]：编号：00001491   小说名：《》 下载失败。
[2018-03-15 11:03:35]：编号：00001491   下载失败。
[2018-03-15 11:03:35]：编号：00001495   小说名：《》 下载失败。
[2018-03-15 11:03:35]：编号：00001495   下载失败。
[2018-03-15 11:03:35]：编号：00001496   小说名：《》 下载失败。
[2018-03-15 11:03:35]：编号：00001496   下载失败。
[2018-03-15 11:03:35]：编号：00001497   小说名：《》 下载失败。
[2018-03-15 11:03:35]：编号：00001497   下载失败。
[2018-03-15 11:03:35]：编号：00001499   小说名：《》 下载失败。
[2018-03-15 11:03:35]：编号：00001499   下载失败。
[2018-03-15 11:03:35]：编号：00001498   小说名：《》 下载失败。
[2018-03-15 11:03:35]：编号：00001498   下载失败。
[2018-03-15 11:03:38]：编号：00001501   小说名：《》 下载失败。
[2018-03-15 11:03:38]：编号：00001501   下载失败。
[2018-03-15 11:03:38]：编号：00001502   小说名：《》 下载失败。
[2018-03-15 11:03:38]：编号：00001502   下载失败。
[2018-03-15 11:03:38]：编号：00001500   小说名：《》 下载失败。
[2018-03-15 11:03:38]：编号：00001500   下载失败。
[2018-03-15 11:03:38]：编号：00001507   小说名：《》 下载失败。
[2018-03-15 11:03:38]：编号：00001507   下载失败。
[2018-03-15 11:03:38]：编号：00001504   小说名：《》 下载失败。
[2018-03-15 11:03:38]：编号：00001504   下载失败。
[2018-03-15 11:03:38]：编号：00001509   小说名：《》 下载失败。
[2018-03-15 11:03:38]：编号：00001509   下载失败。
[2018-03-15 11:03:38]：编号：00001511   小说名：《》 下载失败。
[2018-03-15 11:03:38]：编号：00001511   下载失败。
[2018-03-15 11:03:38]：编号：00001512   小说名：《》 下载失败。
[2018-03-15 11:03:38]：编号：00001512   下载失败。
[2018-03-15 11:03:38]：编号：00001514   小说名：《》 下载失败。
[2018-03-15 11:03:38]：编号：00001514   下载失败。
[2018-03-15 11:03:38]：编号：00001503   小说名：《》 下载失败。
[2018-03-15 11:03:38]：编号：00001503   下载失败。
[2018-03-15 11:03:38]：编号：00001519   小说名：《》 下载失败。
[2018-03-15 11:03:38]：编号：00001519   下载失败。
[2018-03-15 11:03:38]：编号：00001506   小说名：《》 下载失败。
[2018-03-15 11:03:38]：编号：00001506   下载失败。
[2018-03-15 11:03:38]：编号：00001517   小说名：《》 下载失败。
[2018-03-15 11:03:38]：编号：00001517   下载失败。
[2018-03-15 11:03:38]：编号：00001521   小说名：《》 下载失败。
[2018-03-15 11:03:38]：编号：00001521   下载失败。
[2018-03-15 11:03:38]：编号：00001508   小说名：《》 下载失败。
[2018-03-15 11:03:38]：编号：00001508   下载失败。
[2018-03-15 11:03:38]：编号：00001523   小说名：《》 下载失败。
[2018-03-15 11:03:38]：编号：00001523   下载失败。
[2018-03-15 11:03:38]：编号：00001510   小说名：《》 下载失败。
[2018-03-15 11:03:38]：编号：00001510   下载失败。
[2018-03-15 11:03:38]：编号：00001505   小说名：《》 下载失败。
[2018-03-15 11:03:38]：编号：00001505   下载失败。
[2018-03-15 11:03:38]：编号：00001528   小说名：《》 下载失败。
[2018-03-15 11:03:38]：编号：00001528   下载失败。
[2018-03-15 11:03:38]：编号：00001531   小说名：《》 下载失败。
[2018-03-15 11:03:38]：编号：00001531   下载失败。
[2018-03-15 11:03:38]：编号：00001527   小说名：《》 下载失败。
[2018-03-15 11:03:38]：编号：00001527   下载失败。
[2018-03-15 11:03:38]：编号：00001529   小说名：《》 下载失败。
[2018-03-15 11:03:38]：编号：00001529   下载失败。
[2018-03-15 11:03:38]：编号：00001515   小说名：《》 下载失败。
[2018-03-15 11:03:38]：编号：00001515   下载失败。
[2018-03-15 11:03:38]：编号：00001513   小说名：《》 下载失败。
[2018-03-15 11:03:38]：编号：00001513   下载失败。
[2018-03-15 11:03:38]：编号：00001539   小说名：《》 下载失败。
[2018-03-15 11:03:38]：编号：00001539   下载失败。
[2018-03-15 11:03:38]：编号：00001516   小说名：《》 下载失败。
[2018-03-15 11:03:38]：编号：00001516   下载失败。
[2018-03-15 11:03:38]：编号：00001534   小说名：《》 下载失败。
[2018-03-15 11:03:38]：编号：00001534   下载失败。
[2018-03-15 11:03:38]：编号：00001518   小说名：《》 下载失败。
[2018-03-15 11:03:38]：编号：00001518   下载失败。
[2018-03-15 11:03:38]：编号：00001525   小说名：《》 下载失败。
[2018-03-15 11:03:38]：编号：00001525   下载失败。
[2018-03-15 11:03:38]：编号：00001538   小说名：《》 下载失败。
[2018-03-15 11:03:38]：编号：00001538   下载失败。
[2018-03-15 11:03:38]：编号：00001524   小说名：《》 下载失败。
[2018-03-15 11:03:38]：编号：00001524   下载失败。
[2018-03-15 11:03:38]：编号：00001537   小说名：《》 下载失败。
[2018-03-15 11:03:38]：编号：00001537   下载失败。
[2018-03-15 11:03:38]：编号：00001522   小说名：《》 下载失败。
[2018-03-15 11:03:38]：编号：00001522   下载失败。
[2018-03-15 11:03:38]：编号：00001526   小说名：《》 下载失败。
[2018-03-15 11:03:38]：编号：00001526   下载失败。
[2018-03-15 11:03:38]：编号：00001535   小说名：《》 下载失败。
[2018-03-15 11:03:38]：编号：00001535   下载失败。
[2018-03-15 11:03:38]：编号：00001546   小说名：《》 下载失败。
[2018-03-15 11:03:38]：编号：00001546   下载失败。
[2018-03-15 11:03:38]：编号：00001520   小说名：《》 下载失败。
[2018-03-15 11:03:38]：编号：00001520   下载失败。
[2018-03-15 11:03:38]：编号：00001551   小说名：《》 下载失败。
[2018-03-15 11:03:38]：编号：00001551   下载失败。
[2018-03-15 11:03:38]：编号：00001556   小说名：《》 下载失败。
[2018-03-15 11:03:38]：编号：00001556   下载失败。
[2018-03-15 11:03:38]：编号：00001532   小说名：《》 下载失败。
[2018-03-15 11:03:38]：编号：00001532   下载失败。
[2018-03-15 11:03:38]：编号：00001555   小说名：《》 下载失败。
[2018-03-15 11:03:38]：编号：00001555   下载失败。
[2018-03-15 11:03:38]：编号：00001549   小说名：《》 下载失败。
[2018-03-15 11:03:38]：编号：00001549   下载失败。
[2018-03-15 11:03:38]：编号：00001536   小说名：《》 下载失败。
[2018-03-15 11:03:38]：编号：00001536   下载失败。
[2018-03-15 11:03:38]：编号：00001550   小说名：《》 下载失败。
[2018-03-15 11:03:38]：编号：00001550   下载失败。
[2018-03-15 11:03:38]：编号：00001552   小说名：《》 下载失败。
[2018-03-15 11:03:38]：编号：00001552   下载失败。
[2018-03-15 11:03:38]：编号：00001533   小说名：《》 下载失败。
[2018-03-15 11:03:38]：编号：00001533   下载失败。
[2018-03-15 11:03:38]：编号：00001554   小说名：《》 下载失败。
[2018-03-15 11:03:38]：编号：00001554   下载失败。
[2018-03-15 11:03:38]：编号：00001553   小说名：《》 下载失败。
[2018-03-15 11:03:38]：编号：00001553   下载失败。
[2018-03-15 11:03:38]：编号：00001540   小说名：《》 下载失败。
[2018-03-15 11:03:38]：编号：00001540   下载失败。
[2018-03-15 11:03:38]：编号：00001530   小说名：《》 下载失败。
[2018-03-15 11:03:38]：编号：00001530   下载失败。
[2018-03-15 11:03:38]：编号：00001557   小说名：《》 下载失败。
[2018-03-15 11:03:38]：编号：00001557   下载失败。
[2018-03-15 11:03:38]：编号：00001541   小说名：《》 下载失败。
[2018-03-15 11:03:38]：编号：00001541   下载失败。
[2018-03-15 11:03:38]：编号：00001544   小说名：《》 下载失败。
[2018-03-15 11:03:38]：编号：00001544   下载失败。
[2018-03-15 11:03:38]：编号：00001542   小说名：《》 下载失败。
[2018-03-15 11:03:38]：编号：00001542   下载失败。
[2018-03-15 11:03:38]：编号：00001543   小说名：《》 下载失败。
[2018-03-15 11:03:38]：编号：00001543   下载失败。
[2018-03-15 11:03:38]：编号：00001548   小说名：《》 下载失败。
[2018-03-15 11:03:38]：编号：00001548   下载失败。
[2018-03-15 11:03:38]：编号：00001569   小说名：《》 下载失败。
[2018-03-15 11:03:38]：编号：00001569   下载失败。
[2018-03-15 11:03:38]：编号：00001547   小说名：《》 下载失败。
[2018-03-15 11:03:38]：编号：00001547   下载失败。
[2018-03-15 11:03:38]：编号：00001564   小说名：《》 下载失败。
[2018-03-15 11:03:38]：编号：00001564   下载失败。
[2018-03-15 11:03:38]：编号：00001545   小说名：《》 下载失败。
[2018-03-15 11:03:38]：编号：00001545   下载失败。
[2018-03-15 11:03:38]：编号：00001571   小说名：《》 下载失败。
[2018-03-15 11:03:38]：编号：00001571   下载失败。
[2018-03-15 11:03:38]：编号：00001572   小说名：《》 下载失败。
[2018-03-15 11:03:38]：编号：00001572   下载失败。
[2018-03-15 11:03:38]：编号：00001567   小说名：《》 下载失败。
[2018-03-15 11:03:38]：编号：00001567   下载失败。
[2018-03-15 11:03:38]：编号：00001570   小说名：《》 下载失败。
[2018-03-15 11:03:38]：编号：00001570   下载失败。
[2018-03-15 11:03:38]：编号：00001558   小说名：《》 下载失败。
[2018-03-15 11:03:38]：编号：00001558   下载失败。
[2018-03-15 11:03:38]：编号：00001580   小说名：《》 下载失败。
[2018-03-15 11:03:38]：编号：00001580   下载失败。
[2018-03-15 11:03:38]：编号：00001562   小说名：《》 下载失败。
[2018-03-15 11:03:38]：编号：00001562   下载失败。
[2018-03-15 11:03:38]：编号：00001559   小说名：《》 下载失败。
[2018-03-15 11:03:38]：编号：00001559   下载失败。
[2018-03-15 11:03:38]：编号：00001560   小说名：《》 下载失败。
[2018-03-15 11:03:38]：编号：00001560   下载失败。
[2018-03-15 11:03:38]：编号：00001561   小说名：《》 下载失败。
[2018-03-15 11:03:38]：编号：00001561   下载失败。
[2018-03-15 11:03:38]：编号：00001585   小说名：《》 下载失败。
[2018-03-15 11:03:38]：编号：00001585   下载失败。
[2018-03-15 11:03:38]：编号：00001563   小说名：《》 下载失败。
[2018-03-15 11:03:38]：编号：00001563   下载失败。
[2018-03-15 11:03:38]：编号：00001568   小说名：《》 下载失败。
[2018-03-15 11:03:38]：编号：00001568   下载失败。
[2018-03-15 11:03:38]：编号：00001565   小说名：《》 下载失败。
[2018-03-15 11:03:38]：编号：00001565   下载失败。
[2018-03-15 11:03:38]：编号：00001581   小说名：《》 下载失败。
[2018-03-15 11:03:38]：编号：00001581   下载失败。
[2018-03-15 11:03:38]：编号：00001566   小说名：《》 下载失败。
[2018-03-15 11:03:38]：编号：00001566   下载失败。
[2018-03-15 11:03:38]：编号：00001588   小说名：《》 下载失败。
[2018-03-15 11:03:38]：编号：00001588   下载失败。
[2018-03-15 11:03:38]：编号：00001589   小说名：《》 下载失败。
[2018-03-15 11:03:38]：编号：00001589   下载失败。
[2018-03-15 11:03:38]：编号：00001576   小说名：《》 下载失败。
[2018-03-15 11:03:38]：编号：00001576   下载失败。
[2018-03-15 11:03:38]：编号：00001595   小说名：《》 下载失败。
[2018-03-15 11:03:38]：编号：00001595   下载失败。
[2018-03-15 11:03:38]：编号：00001575   小说名：《》 下载失败。
[2018-03-15 11:03:38]：编号：00001575   下载失败。
[2018-03-15 11:03:38]：编号：00001574   小说名：《》 下载失败。
[2018-03-15 11:03:38]：编号：00001574   下载失败。
[2018-03-15 11:03:38]：编号：00001577   小说名：《》 下载失败。
[2018-03-15 11:03:38]：编号：00001577   下载失败。
[2018-03-15 11:03:38]：编号：00001578   小说名：《》 下载失败。
[2018-03-15 11:03:38]：编号：00001578   下载失败。
[2018-03-15 11:03:38]：编号：00001573   小说名：《》 下载失败。
[2018-03-15 11:03:38]：编号：00001573   下载失败。
[2018-03-15 11:03:38]：编号：00001597   小说名：《》 下载失败。
[2018-03-15 11:03:38]：编号：00001597   下载失败。
[2018-03-15 11:03:38]：编号：00001596   小说名：《》 下载失败。
[2018-03-15 11:03:38]：编号：00001596   下载失败。
[2018-03-15 11:03:38]：编号：00001579   小说名：《》 下载失败。
[2018-03-15 11:03:38]：编号：00001579   下载失败。
[2018-03-15 11:03:38]：编号：00001583   小说名：《》 下载失败。
[2018-03-15 11:03:38]：编号：00001583   下载失败。
[2018-03-15 11:03:38]：编号：00001582   小说名：《》 下载失败。
[2018-03-15 11:03:38]：编号：00001582   下载失败。
[2018-03-15 11:03:38]：编号：00001584   小说名：《》 下载失败。
[2018-03-15 11:03:38]：编号：00001584   下载失败。
[2018-03-15 11:03:38]：编号：00001587   小说名：《》 下载失败。
[2018-03-15 11:03:38]：编号：00001587   下载失败。
[2018-03-15 11:03:38]：编号：00001586   小说名：《》 下载失败。
[2018-03-15 11:03:38]：编号：00001586   下载失败。
[2018-03-15 11:03:38]：编号：00001590   小说名：《》 下载失败。
[2018-03-15 11:03:38]：编号：00001590   下载失败。
[2018-03-15 11:03:38]：编号：00001592   小说名：《》 下载失败。
[2018-03-15 11:03:38]：编号：00001592   下载失败。
[2018-03-15 11:03:38]：编号：00001591   小说名：《》 下载失败。
[2018-03-15 11:03:38]：编号：00001591   下载失败。
[2018-03-15 11:03:38]：编号：00001593   小说名：《》 下载失败。
[2018-03-15 11:03:38]：编号：00001593   下载失败。
[2018-03-15 11:03:38]：编号：00001599   小说名：《》 下载失败。
[2018-03-15 11:03:38]：编号：00001599   下载失败。
[2018-03-15 11:03:38]：编号：00001598   小说名：《》 下载失败。
[2018-03-15 11:03:38]：编号：00001598   下载失败。
[2018-03-15 11:03:38]：编号：00001594   小说名：《》 下载失败。
[2018-03-15 11:03:38]：编号：00001594   下载失败。
[2018-03-15 11:07:13]：编号：00000913   小说名：《》 下载失败。
[2018-03-15 11:07:13]：编号：00000913   下载失败。
[2018-03-15 11:07:13]：编号：00000916   小说名：《》 下载失败。
[2018-03-15 11:07:13]：编号：00000916   下载失败。
[2018-03-15 11:07:13]：编号：00000907   小说名：《》 下载失败。
[2018-03-15 11:07:13]：编号：00000907   下载失败。
[2018-03-15 11:07:13]：编号：00000912   小说名：《》 下载失败。
[2018-03-15 11:07:13]：编号：00000912   下载失败。
[2018-03-15 11:07:13]：编号：00000905   小说名：《》 下载失败。
[2018-03-15 11:07:13]：编号：00000905   下载失败。
[2018-03-15 11:07:13]：编号：00000917   小说名：《》 下载失败。
[2018-03-15 11:07:13]：编号：00000917   下载失败。
[2018-03-15 11:07:13]：编号：00000914   小说名：《》 下载失败。
[2018-03-15 11:07:13]：编号：00000914   下载失败。
[2018-03-15 11:07:13]：编号：00000902   小说名：《》 下载失败。
[2018-03-15 11:07:13]：编号：00000902   下载失败。
[2018-03-15 11:07:13]：编号：00000919   小说名：《》 下载失败。
[2018-03-15 11:07:13]：编号：00000919   下载失败。
[2018-03-15 11:07:13]：编号：00000918   小说名：《》 下载失败。
[2018-03-15 11:07:13]：编号：00000918   下载失败。
[2018-03-15 11:07:13]：编号：00000900   小说名：《》 下载失败。
[2018-03-15 11:07:13]：编号：00000900   下载失败。
[2018-03-15 11:07:13]：编号：00000909   小说名：《》 下载失败。
[2018-03-15 11:07:13]：编号：00000909   下载失败。
[2018-03-15 11:07:13]：编号：00000910   小说名：《》 下载失败。
[2018-03-15 11:07:13]：编号：00000910   下载失败。
[2018-03-15 11:07:13]：编号：00000926   小说名：《》 下载失败。
[2018-03-15 11:07:13]：编号：00000926   下载失败。
[2018-03-15 11:07:13]：编号：00000911   小说名：《》 下载失败。
[2018-03-15 11:07:13]：编号：00000911   下载失败。
[2018-03-15 11:07:13]：编号：00000922   小说名：《》 下载失败。
[2018-03-15 11:07:13]：编号：00000922   下载失败。
[2018-03-15 11:07:13]：编号：00000928   小说名：《》 下载失败。
[2018-03-15 11:07:13]：编号：00000928   下载失败。
[2018-03-15 11:07:13]：编号：00000927   小说名：《》 下载失败。
[2018-03-15 11:07:13]：编号：00000927   下载失败。
[2018-03-15 11:07:13]：编号：00000930   小说名：《》 下载失败。
[2018-03-15 11:07:13]：编号：00000930   下载失败。
[2018-03-15 11:07:13]：编号：00000901   小说名：《》 下载失败。
[2018-03-15 11:07:13]：编号：00000901   下载失败。
[2018-03-15 11:07:13]：编号：00000932   小说名：《》 下载失败。
[2018-03-15 11:07:13]：编号：00000932   下载失败。
[2018-03-15 11:07:13]：编号：00000906   小说名：《》 下载失败。
[2018-03-15 11:07:13]：编号：00000906   下载失败。
[2018-03-15 11:07:13]：编号：00000908   小说名：《》 下载失败。
[2018-03-15 11:07:13]：编号：00000908   下载失败。
[2018-03-15 11:07:13]：编号：00000931   小说名：《》 下载失败。
[2018-03-15 11:07:13]：编号：00000931   下载失败。
[2018-03-15 11:07:13]：编号：00000933   小说名：《》 下载失败。
[2018-03-15 11:07:13]：编号：00000933   下载失败。
[2018-03-15 11:07:13]：编号：00000935   小说名：《》 下载失败。
[2018-03-15 11:07:13]：编号：00000935   下载失败。
[2018-03-15 11:07:13]：编号：00000939   小说名：《》 下载失败。
[2018-03-15 11:07:13]：编号：00000939   下载失败。
[2018-03-15 11:07:13]：编号：00000915   小说名：《》 下载失败。
[2018-03-15 11:07:13]：编号：00000915   下载失败。
[2018-03-15 11:07:13]：编号：00000921   小说名：《》 下载失败。
[2018-03-15 11:07:13]：编号：00000921   下载失败。
[2018-03-15 11:07:13]：编号：00000941   小说名：《》 下载失败。
[2018-03-15 11:07:13]：编号：00000941   下载失败。
[2018-03-15 11:07:13]：编号：00000943   小说名：《》 下载失败。
[2018-03-15 11:07:13]：编号：00000943   下载失败。
[2018-03-15 11:07:13]：编号：00000925   小说名：《》 下载失败。
[2018-03-15 11:07:13]：编号：00000925   下载失败。
[2018-03-15 11:07:13]：编号：00000924   小说名：《》 下载失败。
[2018-03-15 11:07:13]：编号：00000924   下载失败。
[2018-03-15 11:07:13]：编号：00000920   小说名：《》 下载失败。
[2018-03-15 11:07:13]：编号：00000920   下载失败。
[2018-03-15 11:07:13]：编号：00000942   小说名：《》 下载失败。
[2018-03-15 11:07:13]：编号：00000942   下载失败。
[2018-03-15 11:07:13]：编号：00000923   小说名：《》 下载失败。
[2018-03-15 11:07:13]：编号：00000923   下载失败。
[2018-03-15 11:07:13]：编号：00000903   小说名：《》 下载失败。
[2018-03-15 11:07:13]：编号：00000903   下载失败。
[2018-03-15 11:07:13]：编号：00000946   小说名：《》 下载失败。
[2018-03-15 11:07:13]：编号：00000946   下载失败。
[2018-03-15 11:07:13]：编号：00000904   小说名：《》 下载失败。
[2018-03-15 11:07:13]：编号：00000904   下载失败。
[2018-03-15 11:07:13]：编号：00000947   小说名：《》 下载失败。
[2018-03-15 11:07:13]：编号：00000947   下载失败。
[2018-03-15 11:07:13]：编号：00000953   小说名：《》 下载失败。
[2018-03-15 11:07:13]：编号：00000953   下载失败。
[2018-03-15 11:07:13]：编号：00000951   小说名：《》 下载失败。
[2018-03-15 11:07:13]：编号：00000951   下载失败。
[2018-03-15 11:07:13]：编号：00000954   小说名：《》 下载失败。
[2018-03-15 11:07:13]：编号：00000954   下载失败。
[2018-03-15 11:07:13]：编号：00000952   小说名：《》 下载失败。
[2018-03-15 11:07:13]：编号：00000952   下载失败。
[2018-03-15 11:07:13]：编号：00000957   小说名：《》 下载失败。
[2018-03-15 11:07:13]：编号：00000957   下载失败。
[2018-03-15 11:07:13]：编号：00000929   小说名：《》 下载失败。
[2018-03-15 11:07:13]：编号：00000929   下载失败。
[2018-03-15 11:07:13]：编号：00000937   小说名：《》 下载失败。
[2018-03-15 11:07:13]：编号：00000937   下载失败。
[2018-03-15 11:07:13]：编号：00000958   小说名：《》 下载失败。
[2018-03-15 11:07:13]：编号：00000958   下载失败。
[2018-03-15 11:07:13]：编号：00000938   小说名：《》 下载失败。
[2018-03-15 11:07:13]：编号：00000938   下载失败。
[2018-03-15 11:07:13]：编号：00000934   小说名：《》 下载失败。
[2018-03-15 11:07:13]：编号：00000934   下载失败。
[2018-03-15 11:07:13]：编号：00000959   小说名：《》 下载失败。
[2018-03-15 11:07:13]：编号：00000959   下载失败。
[2018-03-15 11:07:13]：编号：00000940   小说名：《》 下载失败。
[2018-03-15 11:07:13]：编号：00000940   下载失败。
[2018-03-15 11:07:13]：编号：00000963   小说名：《》 下载失败。
[2018-03-15 11:07:13]：编号：00000963   下载失败。
[2018-03-15 11:07:13]：编号：00000967   小说名：《》 下载失败。
[2018-03-15 11:07:13]：编号：00000967   下载失败。
[2018-03-15 11:07:13]：编号：00000965   小说名：《》 下载失败。
[2018-03-15 11:07:13]：编号：00000965   下载失败。
[2018-03-15 11:07:13]：编号：00000945   小说名：《》 下载失败。
[2018-03-15 11:07:13]：编号：00000945   下载失败。
[2018-03-15 11:07:13]：编号：00000950   小说名：《》 下载失败。
[2018-03-15 11:07:13]：编号：00000950   下载失败。
[2018-03-15 11:07:13]：编号：00000970   小说名：《》 下载失败。
[2018-03-15 11:07:13]：编号：00000970   下载失败。
[2018-03-15 11:07:13]：编号：00000948   小说名：《》 下载失败。
[2018-03-15 11:07:13]：编号：00000948   下载失败。
[2018-03-15 11:07:13]：编号：00000949   小说名：《》 下载失败。
[2018-03-15 11:07:13]：编号：00000949   下载失败。
[2018-03-15 11:07:13]：编号：00000974   小说名：《》 下载失败。
[2018-03-15 11:07:13]：编号：00000974   下载失败。
[2018-03-15 11:07:13]：编号：00000956   小说名：《》 下载失败。
[2018-03-15 11:07:13]：编号：00000956   下载失败。
[2018-03-15 11:07:13]：编号：00000976   小说名：《》 下载失败。
[2018-03-15 11:07:13]：编号：00000976   下载失败。
[2018-03-15 11:07:13]：编号：00000955   小说名：《》 下载失败。
[2018-03-15 11:07:13]：编号：00000955   下载失败。
[2018-03-15 11:07:13]：编号：00000980   小说名：《》 下载失败。
[2018-03-15 11:07:13]：编号：00000980   下载失败。
[2018-03-15 11:07:13]：编号：00000960   小说名：《》 下载失败。
[2018-03-15 11:07:13]：编号：00000960   下载失败。
[2018-03-15 11:07:13]：编号：00000962   小说名：《》 下载失败。
[2018-03-15 11:07:13]：编号：00000962   下载失败。
[2018-03-15 11:07:13]：编号：00000961   小说名：《》 下载失败。
[2018-03-15 11:07:13]：编号：00000961   下载失败。
[2018-03-15 11:07:13]：编号：00000983   小说名：《》 下载失败。
[2018-03-15 11:07:13]：编号：00000983   下载失败。
[2018-03-15 11:07:13]：编号：00000964   小说名：《》 下载失败。
[2018-03-15 11:07:13]：编号：00000964   下载失败。
[2018-03-15 11:07:13]：编号：00000968   小说名：《》 下载失败。
[2018-03-15 11:07:13]：编号：00000968   下载失败。
[2018-03-15 11:07:13]：编号：00000966   小说名：《》 下载失败。
[2018-03-15 11:07:13]：编号：00000966   下载失败。
[2018-03-15 11:07:13]：编号：00000971   小说名：《》 下载失败。
[2018-03-15 11:07:13]：编号：00000971   下载失败。
[2018-03-15 11:07:13]：编号：00000969   小说名：《》 下载失败。
[2018-03-15 11:07:13]：编号：00000969   下载失败。
[2018-03-15 11:07:13]：编号：00000992   小说名：《》 下载失败。
[2018-03-15 11:07:13]：编号：00000992   下载失败。
[2018-03-15 11:07:13]：编号：00000989   小说名：《》 下载失败。
[2018-03-15 11:07:13]：编号：00000989   下载失败。
[2018-03-15 11:07:13]：编号：00000987   小说名：《》 下载失败。
[2018-03-15 11:07:13]：编号：00000987   下载失败。
[2018-03-15 11:07:13]：编号：00000986   小说名：《》 下载失败。
[2018-03-15 11:07:13]：编号：00000986   下载失败。
[2018-03-15 11:07:13]：编号：00000991   小说名：《》 下载失败。
[2018-03-15 11:07:13]：编号：00000991   下载失败。
[2018-03-15 11:07:13]：编号：00000994   小说名：《》 下载失败。
[2018-03-15 11:07:13]：编号：00000994   下载失败。
[2018-03-15 11:07:13]：编号：00000993   小说名：《》 下载失败。
[2018-03-15 11:07:13]：编号：00000993   下载失败。
[2018-03-15 11:07:13]：编号：00000995   小说名：《》 下载失败。
[2018-03-15 11:07:13]：编号：00000995   下载失败。
[2018-03-15 11:07:13]：编号：00000973   小说名：《》 下载失败。
[2018-03-15 11:07:13]：编号：00000973   下载失败。
[2018-03-15 11:07:13]：编号：00000997   小说名：《》 下载失败。
[2018-03-15 11:07:13]：编号：00000997   下载失败。
[2018-03-15 11:07:13]：编号：00000988   小说名：《》 下载失败。
[2018-03-15 11:07:13]：编号：00000988   下载失败。
[2018-03-15 11:07:13]：编号：00000990   小说名：《》 下载失败。
[2018-03-15 11:07:13]：编号：00000990   下载失败。
[2018-03-15 11:07:13]：编号：00000981   小说名：《》 下载失败。
[2018-03-15 11:07:13]：编号：00000981   下载失败。
[2018-03-15 11:07:13]：编号：00000975   小说名：《》 下载失败。
[2018-03-15 11:07:13]：编号：00000975   下载失败。
[2018-03-15 11:07:13]：编号：00000982   小说名：《》 下载失败。
[2018-03-15 11:07:13]：编号：00000982   下载失败。
[2018-03-15 11:07:13]：编号：00000978   小说名：《》 下载失败。
[2018-03-15 11:07:13]：编号：00000978   下载失败。
[2018-03-15 11:07:13]：编号：00000977   小说名：《》 下载失败。
[2018-03-15 11:07:13]：编号：00000977   下载失败。
[2018-03-15 11:07:13]：编号：00000985   小说名：《》 下载失败。
[2018-03-15 11:07:13]：编号：00000985   下载失败。
[2018-03-15 11:07:13]：编号：00000984   小说名：《》 下载失败。
[2018-03-15 11:07:13]：编号：00000984   下载失败。
[2018-03-15 11:07:13]：编号：00000979   小说名：《》 下载失败。
[2018-03-15 11:07:13]：编号：00000979   下载失败。
[2018-03-15 11:07:13]：编号：00000998   小说名：《》 下载失败。
[2018-03-15 11:07:13]：编号：00000998   下载失败。
[2018-03-15 11:07:13]：编号：00000996   小说名：《》 下载失败。
[2018-03-15 11:07:13]：编号：00000996   下载失败。
[2018-03-15 11:07:13]：编号：00000999   小说名：《》 下载失败。
[2018-03-15 11:07:13]：编号：00000999   下载失败。
[2018-03-15 11:07:15]：编号：00001003   小说名：《》 下载失败。
[2018-03-15 11:07:15]：编号：00001003   下载失败。
[2018-03-15 11:07:15]：编号：00001008   小说名：《》 下载失败。
[2018-03-15 11:07:15]：编号：00001008   下载失败。
[2018-03-15 11:07:15]：编号：00001006   小说名：《》 下载失败。
[2018-03-15 11:07:15]：编号：00001006   下载失败。
[2018-03-15 11:07:15]：编号：00001010   小说名：《》 下载失败。
[2018-03-15 11:07:15]：编号：00001010   下载失败。
[2018-03-15 11:07:15]：编号：00001009   小说名：《》 下载失败。
[2018-03-15 11:07:15]：编号：00001009   下载失败。
[2018-03-15 11:07:15]：编号：00001012   小说名：《》 下载失败。
[2018-03-15 11:07:15]：编号：00001012   下载失败。
[2018-03-15 11:07:15]：编号：00001016   小说名：《》 下载失败。
[2018-03-15 11:07:15]：编号：00001016   下载失败。
[2018-03-15 11:07:15]：编号：00001017   小说名：《》 下载失败。
[2018-03-15 11:07:15]：编号：00001017   下载失败。
[2018-03-15 11:07:15]：编号：00001015   小说名：《》 下载失败。
[2018-03-15 11:07:15]：编号：00001015   下载失败。
[2018-03-15 11:07:15]：编号：00001001   小说名：《》 下载失败。
[2018-03-15 11:07:15]：编号：00001001   下载失败。
[2018-03-15 11:07:15]：编号：00001000   小说名：《》 下载失败。
[2018-03-15 11:07:15]：编号：00001000   下载失败。
[2018-03-15 11:07:15]：编号：00001022   小说名：《》 下载失败。
[2018-03-15 11:07:15]：编号：00001022   下载失败。
[2018-03-15 11:07:15]：编号：00001002   小说名：《》 下载失败。
[2018-03-15 11:07:15]：编号：00001002   下载失败。
[2018-03-15 11:07:15]：编号：00001005   小说名：《》 下载失败。
[2018-03-15 11:07:15]：编号：00001005   下载失败。
[2018-03-15 11:07:15]：编号：00001007   小说名：《》 下载失败。
[2018-03-15 11:07:15]：编号：00001007   下载失败。
[2018-03-15 11:07:15]：编号：00001025   小说名：《》 下载失败。
[2018-03-15 11:07:15]：编号：00001025   下载失败。
[2018-03-15 11:07:15]：编号：00001004   小说名：《》 下载失败。
[2018-03-15 11:07:15]：编号：00001004   下载失败。
[2018-03-15 11:07:15]：编号：00001029   小说名：《》 下载失败。
[2018-03-15 11:07:15]：编号：00001029   下载失败。
[2018-03-15 11:07:15]：编号：00001030   小说名：《》 下载失败。
[2018-03-15 11:07:15]：编号：00001030   下载失败。
[2018-03-15 11:07:15]：编号：00001026   小说名：《》 下载失败。
[2018-03-15 11:07:15]：编号：00001026   下载失败。
[2018-03-15 11:07:15]：编号：00001011   小说名：《》 下载失败。
[2018-03-15 11:07:15]：编号：00001011   下载失败。
[2018-03-15 11:07:15]：编号：00001033   小说名：《》 下载失败。
[2018-03-15 11:07:15]：编号：00001033   下载失败。
[2018-03-15 11:07:15]：编号：00001032   小说名：《》 下载失败。
[2018-03-15 11:07:15]：编号：00001032   下载失败。
[2018-03-15 11:07:15]：编号：00001028   小说名：《》 下载失败。
[2018-03-15 11:07:15]：编号：00001028   下载失败。
[2018-03-15 11:07:15]：编号：00001013   小说名：《》 下载失败。
[2018-03-15 11:07:15]：编号：00001013   下载失败。
[2018-03-15 11:07:15]：编号：00001014   小说名：《》 下载失败。
[2018-03-15 11:07:15]：编号：00001014   下载失败。
[2018-03-15 11:07:15]：编号：00001034   小说名：《》 下载失败。
[2018-03-15 11:07:15]：编号：00001034   下载失败。
[2018-03-15 11:07:15]：编号：00001036   小说名：《》 下载失败。
[2018-03-15 11:07:15]：编号：00001036   下载失败。
[2018-03-15 11:07:15]：编号：00001019   小说名：《》 下载失败。
[2018-03-15 11:07:15]：编号：00001019   下载失败。
[2018-03-15 11:07:15]：编号：00001018   小说名：《》 下载失败。
[2018-03-15 11:07:15]：编号：00001018   下载失败。
[2018-03-15 11:07:15]：编号：00001040   小说名：《》 下载失败。
[2018-03-15 11:07:15]：编号：00001040   下载失败。
[2018-03-15 11:07:15]：编号：00001044   小说名：《》 下载失败。
[2018-03-15 11:07:15]：编号：00001044   下载失败。
[2018-03-15 11:07:15]：编号：00001023   小说名：《》 下载失败。
[2018-03-15 11:07:15]：编号：00001023   下载失败。
[2018-03-15 11:07:15]：编号：00001021   小说名：《》 下载失败。
[2018-03-15 11:07:15]：编号：00001021   下载失败。
[2018-03-15 11:07:15]：编号：00001043   小说名：《》 下载失败。
[2018-03-15 11:07:15]：编号：00001043   下载失败。
[2018-03-15 11:07:15]：编号：00001048   小说名：《》 下载失败。
[2018-03-15 11:07:15]：编号：00001048   下载失败。
[2018-03-15 11:07:15]：编号：00001020   小说名：《》 下载失败。
[2018-03-15 11:07:15]：编号：00001020   下载失败。
[2018-03-15 11:07:15]：编号：00001047   小说名：《》 下载失败。
[2018-03-15 11:07:15]：编号：00001047   下载失败。
[2018-03-15 11:07:15]：编号：00001049   小说名：《》 下载失败。
[2018-03-15 11:07:15]：编号：00001049   下载失败。
[2018-03-15 11:07:15]：编号：00001052   小说名：《》 下载失败。
[2018-03-15 11:07:15]：编号：00001052   下载失败。
[2018-03-15 11:07:15]：编号：00001027   小说名：《》 下载失败。
[2018-03-15 11:07:15]：编号：00001027   下载失败。
[2018-03-15 11:07:15]：编号：00001053   小说名：《》 下载失败。
[2018-03-15 11:07:15]：编号：00001053   下载失败。
[2018-03-15 11:07:15]：编号：00001051   小说名：《》 下载失败。
[2018-03-15 11:07:15]：编号：00001051   下载失败。
[2018-03-15 11:07:15]：编号：00001031   小说名：《》 下载失败。
[2018-03-15 11:07:15]：编号：00001031   下载失败。
[2018-03-15 11:07:15]：编号：00001055   小说名：《》 下载失败。
[2018-03-15 11:07:15]：编号：00001055   下载失败。
[2018-03-15 11:07:15]：编号：00001035   小说名：《》 下载失败。
[2018-03-15 11:07:15]：编号：00001035   下载失败。
[2018-03-15 11:07:15]：编号：00001054   小说名：《》 下载失败。
[2018-03-15 11:07:15]：编号：00001054   下载失败。
[2018-03-15 11:07:15]：编号：00001024   小说名：《》 下载失败。
[2018-03-15 11:07:15]：编号：00001024   下载失败。
[2018-03-15 11:07:15]：编号：00001041   小说名：《》 下载失败。
[2018-03-15 11:07:15]：编号：00001041   下载失败。
[2018-03-15 11:07:15]：编号：00001037   小说名：《》 下载失败。
[2018-03-15 11:07:15]：编号：00001037   下载失败。
[2018-03-15 11:07:15]：编号：00001056   小说名：《》 下载失败。
[2018-03-15 11:07:15]：编号：00001056   下载失败。
[2018-03-15 11:07:15]：编号：00001064   小说名：《》 下载失败。
[2018-03-15 11:07:15]：编号：00001064   下载失败。
[2018-03-15 11:07:15]：编号：00001038   小说名：《》 下载失败。
[2018-03-15 11:07:15]：编号：00001038   下载失败。
[2018-03-15 11:07:15]：编号：00001062   小说名：《》 下载失败。
[2018-03-15 11:07:15]：编号：00001062   下载失败。
[2018-03-15 11:07:15]：编号：00001042   小说名：《》 下载失败。
[2018-03-15 11:07:15]：编号：00001042   下载失败。
[2018-03-15 11:07:15]：编号：00001068   小说名：《》 下载失败。
[2018-03-15 11:07:15]：编号：00001068   下载失败。
[2018-03-15 11:07:15]：编号：00001050   小说名：《》 下载失败。
[2018-03-15 11:07:15]：编号：00001050   下载失败。
[2018-03-15 11:07:15]：编号：00001045   小说名：《》 下载失败。
[2018-03-15 11:07:15]：编号：00001045   下载失败。
[2018-03-15 11:07:15]：编号：00001073   小说名：《》 下载失败。
[2018-03-15 11:07:15]：编号：00001073   下载失败。
[2018-03-15 11:07:15]：编号：00001074   小说名：《》 下载失败。
[2018-03-15 11:07:15]：编号：00001074   下载失败。
[2018-03-15 11:07:15]：编号：00001046   小说名：《》 下载失败。
[2018-03-15 11:07:15]：编号：00001046   下载失败。
[2018-03-15 11:07:15]：编号：00001060   小说名：《》 下载失败。
[2018-03-15 11:07:15]：编号：00001060   下载失败。
[2018-03-15 11:07:15]：编号：00001069   小说名：《》 下载失败。
[2018-03-15 11:07:15]：编号：00001069   下载失败。
[2018-03-15 11:07:15]：编号：00001061   小说名：《》 下载失败。
[2018-03-15 11:07:15]：编号：00001061   下载失败。
[2018-03-15 11:07:15]：编号：00001082   小说名：《》 下载失败。
[2018-03-15 11:07:15]：编号：00001082   下载失败。
[2018-03-15 11:07:15]：编号：00001077   小说名：《》 下载失败。
[2018-03-15 11:07:15]：编号：00001077   下载失败。
[2018-03-15 11:07:15]：编号：00001059   小说名：《》 下载失败。
[2018-03-15 11:07:15]：编号：00001059   下载失败。
[2018-03-15 11:07:15]：编号：00001072   小说名：《》 下载失败。
[2018-03-15 11:07:15]：编号：00001072   下载失败。
[2018-03-15 11:07:15]：编号：00001080   小说名：《》 下载失败。
[2018-03-15 11:07:15]：编号：00001080   下载失败。
[2018-03-15 11:07:15]：编号：00001084   小说名：《》 下载失败。
[2018-03-15 11:07:15]：编号：00001084   下载失败。
[2018-03-15 11:07:15]：编号：00001063   小说名：《》 下载失败。
[2018-03-15 11:07:15]：编号：00001063   下载失败。
[2018-03-15 11:07:15]：编号：00001071   小说名：《》 下载失败。
[2018-03-15 11:07:15]：编号：00001071   下载失败。
[2018-03-15 11:07:15]：编号：00001088   小说名：《》 下载失败。
[2018-03-15 11:07:15]：编号：00001088   下载失败。
[2018-03-15 11:07:15]：编号：00001070   小说名：《》 下载失败。
[2018-03-15 11:07:15]：编号：00001070   下载失败。
[2018-03-15 11:07:15]：编号：00001058   小说名：《》 下载失败。
[2018-03-15 11:07:15]：编号：00001058   下载失败。
[2018-03-15 11:07:15]：编号：00001067   小说名：《》 下载失败。
[2018-03-15 11:07:15]：编号：00001067   下载失败。
[2018-03-15 11:07:15]：编号：00001098   小说名：《》 下载失败。
[2018-03-15 11:07:15]：编号：00001098   下载失败。
[2018-03-15 11:07:15]：编号：00001065   小说名：《》 下载失败。
[2018-03-15 11:07:15]：编号：00001065   下载失败。
[2018-03-15 11:07:15]：编号：00001089   小说名：《》 下载失败。
[2018-03-15 11:07:15]：编号：00001089   下载失败。
[2018-03-15 11:07:15]：编号：00001066   小说名：《》 下载失败。
[2018-03-15 11:07:15]：编号：00001066   下载失败。
[2018-03-15 11:07:15]：编号：00001099   小说名：《》 下载失败。
[2018-03-15 11:07:15]：编号：00001099   下载失败。
[2018-03-15 11:07:15]：编号：00001083   小说名：《》 下载失败。
[2018-03-15 11:07:15]：编号：00001083   下载失败。
[2018-03-15 11:07:15]：编号：00001079   小说名：《》 下载失败。
[2018-03-15 11:07:15]：编号：00001079   下载失败。
[2018-03-15 11:07:15]：编号：00001078   小说名：《》 下载失败。
[2018-03-15 11:07:15]：编号：00001078   下载失败。
[2018-03-15 11:07:15]：编号：00001075   小说名：《》 下载失败。
[2018-03-15 11:07:15]：编号：00001075   下载失败。
[2018-03-15 11:07:15]：编号：00001087   小说名：《》 下载失败。
[2018-03-15 11:07:15]：编号：00001087   下载失败。
[2018-03-15 11:07:15]：编号：00001076   小说名：《》 下载失败。
[2018-03-15 11:07:15]：编号：00001076   下载失败。
[2018-03-15 11:07:15]：编号：00001097   小说名：《》 下载失败。
[2018-03-15 11:07:15]：编号：00001097   下载失败。
[2018-03-15 11:07:15]：编号：00001081   小说名：《》 下载失败。
[2018-03-15 11:07:15]：编号：00001081   下载失败。
[2018-03-15 11:07:15]：编号：00001092   小说名：《》 下载失败。
[2018-03-15 11:07:15]：编号：00001092   下载失败。
[2018-03-15 11:07:15]：编号：00001085   小说名：《》 下载失败。
[2018-03-15 11:07:15]：编号：00001085   下载失败。
[2018-03-15 11:07:15]：编号：00001095   小说名：《》 下载失败。
[2018-03-15 11:07:15]：编号：00001095   下载失败。
[2018-03-15 11:07:15]：编号：00001091   小说名：《》 下载失败。
[2018-03-15 11:07:15]：编号：00001091   下载失败。
[2018-03-15 11:07:15]：编号：00001094   小说名：《》 下载失败。
[2018-03-15 11:07:15]：编号：00001094   下载失败。
[2018-03-15 11:07:15]：编号：00001090   小说名：《》 下载失败。
[2018-03-15 11:07:15]：编号：00001090   下载失败。
[2018-03-15 11:07:15]：编号：00001096   小说名：《》 下载失败。
[2018-03-15 11:07:15]：编号：00001096   下载失败。
[2018-03-15 11:32:13]：编号：00000925   小说名：《》 下载失败。
[2018-03-15 11:32:13]：编号：00000925   下载失败。
[2018-03-15 11:32:13]：编号：00000928   小说名：《》 下载失败。
[2018-03-15 11:32:13]：编号：00000928   下载失败。
[2018-03-15 11:32:13]：编号：00000959   小说名：《》 下载失败。
[2018-03-15 11:32:13]：编号：00000959   下载失败。
[2018-03-15 11:32:13]：编号：00000930   小说名：《》 下载失败。
[2018-03-15 11:32:13]：编号：00000930   下载失败。
[2018-03-15 11:32:13]：编号：00000929   小说名：《》 下载失败。
[2018-03-15 11:32:13]：编号：00000929   下载失败。
[2018-03-15 11:32:13]：编号：00000961   小说名：《》 下载失败。
[2018-03-15 11:32:13]：编号：00000961   下载失败。
[2018-03-15 11:32:13]：编号：00000962   小说名：《》 下载失败。
[2018-03-15 11:32:13]：编号：00000962   下载失败。
[2018-03-15 11:32:13]：编号：00000931   小说名：《》 下载失败。
[2018-03-15 11:32:13]：编号：00000931   下载失败。
[2018-03-15 11:32:13]：编号：00000933   小说名：《》 下载失败。
[2018-03-15 11:32:13]：编号：00000933   下载失败。
[2018-03-15 11:32:13]：编号：00000939   小说名：《》 下载失败。
[2018-03-15 11:32:13]：编号：00000939   下载失败。
[2018-03-15 11:32:13]：编号：00000942   小说名：《》 下载失败。
[2018-03-15 11:32:13]：编号：00000942   下载失败。
[2018-03-15 11:32:13]：编号：00000934   小说名：《》 下载失败。
[2018-03-15 11:32:13]：编号：00000934   下载失败。
[2018-03-15 11:32:13]：编号：00000936   小说名：《》 下载失败。
[2018-03-15 11:32:13]：编号：00000936   下载失败。
[2018-03-15 11:32:13]：编号：00000944   小说名：《》 下载失败。
[2018-03-15 11:32:13]：编号：00000944   下载失败。
[2018-03-15 11:32:13]：编号：00000941   小说名：《》 下载失败。
[2018-03-15 11:32:13]：编号：00000941   下载失败。
[2018-03-15 11:32:13]：编号：00000943   小说名：《》 下载失败。
[2018-03-15 11:32:13]：编号：00000943   下载失败。
[2018-03-15 11:32:13]：编号：00000965   小说名：《》 下载失败。
[2018-03-15 11:32:13]：编号：00000965   下载失败。
[2018-03-15 11:32:13]：编号：00000955   小说名：《》 下载失败。
[2018-03-15 11:32:13]：编号：00000955   下载失败。
[2018-03-15 11:32:13]：编号：00000975   小说名：《》 下载失败。
[2018-03-15 11:32:13]：编号：00000975   下载失败。
[2018-03-15 11:32:13]：编号：00000949   小说名：《》 下载失败。
[2018-03-15 11:32:13]：编号：00000949   下载失败。
[2018-03-15 11:32:13]：编号：00000974   小说名：《》 下载失败。
[2018-03-15 11:32:13]：编号：00000974   下载失败。
[2018-03-15 11:32:13]：编号：00000908   小说名：《》 下载失败。
[2018-03-15 11:32:13]：编号：00000908   下载失败。
[2018-03-15 11:32:13]：编号：00000984   小说名：《》 下载失败。
[2018-03-15 11:32:13]：编号：00000984   下载失败。
[2018-03-15 11:32:13]：编号：00000971   小说名：《》 下载失败。
[2018-03-15 11:32:13]：编号：00000971   下载失败。
[2018-03-15 11:32:13]：编号：00000991   小说名：《》 下载失败。
[2018-03-15 11:32:13]：编号：00000991   下载失败。
[2018-03-15 11:32:13]：编号：00000947   小说名：《》 下载失败。
[2018-03-15 11:32:13]：编号：00000947   下载失败。
[2018-03-15 11:32:13]：编号：00000983   小说名：《》 下载失败。
[2018-03-15 11:32:13]：编号：00000983   下载失败。
[2018-03-15 11:32:13]：编号：00000978   小说名：《》 下载失败。
[2018-03-15 11:32:13]：编号：00000978   下载失败。
[2018-03-15 11:32:13]：编号：00000999   小说名：《》 下载失败。
[2018-03-15 11:32:13]：编号：00000999   下载失败。
[2018-03-15 11:32:13]：编号：00000973   小说名：《》 下载失败。
[2018-03-15 11:32:13]：编号：00000973   下载失败。
[2018-03-15 11:32:13]：编号：00000904   小说名：《》 下载失败。
[2018-03-15 11:32:13]：编号：00000904   下载失败。
[2018-03-15 11:32:13]：编号：00000954   小说名：《》 下载失败。
[2018-03-15 11:32:13]：编号：00000954   下载失败。
[2018-03-15 11:32:13]：编号：00000979   小说名：《》 下载失败。
[2018-03-15 11:32:13]：编号：00000979   下载失败。
[2018-03-15 11:32:13]：编号：00000976   小说名：《》 下载失败。
[2018-03-15 11:32:13]：编号：00000976   下载失败。
[2018-03-15 11:32:13]：编号：00000981   小说名：《》 下载失败。
[2018-03-15 11:32:13]：编号：00000981   下载失败。
[2018-03-15 11:32:13]：编号：00000903   小说名：《》 下载失败。
[2018-03-15 11:32:13]：编号：00000903   下载失败。
[2018-03-15 11:32:13]：编号：00000992   小说名：《》 下载失败。
[2018-03-15 11:32:13]：编号：00000992   下载失败。
[2018-03-15 11:32:13]：编号：00000990   小说名：《》 下载失败。
[2018-03-15 11:32:13]：编号：00000990   下载失败。
[2018-03-15 11:32:13]：编号：00000907   小说名：《》 下载失败。
[2018-03-15 11:32:13]：编号：00000907   下载失败。
[2018-03-15 11:32:13]：编号：00000997   小说名：《》 下载失败。
[2018-03-15 11:32:13]：编号：00000997   下载失败。
[2018-03-15 11:32:13]：编号：00000996   小说名：《》 下载失败。
[2018-03-15 11:32:13]：编号：00000996   下载失败。
[2018-03-15 11:32:13]：编号：00000994   小说名：《》 下载失败。
[2018-03-15 11:32:13]：编号：00000994   下载失败。
[2018-03-15 11:32:13]：编号：00000988   小说名：《》 下载失败。
[2018-03-15 11:32:13]：编号：00000988   下载失败。
[2018-03-15 11:32:13]：编号：00000987   小说名：《》 下载失败。
[2018-03-15 11:32:13]：编号：00000987   下载失败。
[2018-03-15 11:32:13]：编号：00000982   小说名：《》 下载失败。
[2018-03-15 11:32:13]：编号：00000982   下载失败。
[2018-03-15 11:32:13]：编号：00000940   小说名：《》 下载失败。
[2018-03-15 11:32:13]：编号：00000940   下载失败。
[2018-03-15 11:32:13]：编号：00000932   小说名：《》 下载失败。
[2018-03-15 11:32:13]：编号：00000932   下载失败。
[2018-03-15 11:32:13]：编号：00000938   小说名：《》 下载失败。
[2018-03-15 11:32:13]：编号：00000938   下载失败。
[2018-03-15 11:32:13]：编号：00000935   小说名：《》 下载失败。
[2018-03-15 11:32:13]：编号：00000935   下载失败。
[2018-03-15 11:32:13]：编号：00000945   小说名：《》 下载失败。
[2018-03-15 11:32:13]：编号：00000945   下载失败。
[2018-03-15 11:32:13]：编号：00000966   小说名：《》 下载失败。
[2018-03-15 11:32:13]：编号：00000966   下载失败。
[2018-03-15 11:32:13]：编号：00000980   小说名：《》 下载失败。
[2018-03-15 11:32:13]：编号：00000980   下载失败。
[2018-03-15 11:32:13]：编号：00000993   小说名：《》 下载失败。
[2018-03-15 11:32:13]：编号：00000993   下载失败。
[2018-03-15 11:32:13]：编号：00000964   小说名：《》 下载失败。
[2018-03-15 11:32:13]：编号：00000964   下载失败。
[2018-03-15 11:32:13]：编号：00000989   小说名：《》 下载失败。
[2018-03-15 11:32:13]：编号：00000989   下载失败。
[2018-03-15 11:32:13]：编号：00000998   小说名：《》 下载失败。
[2018-03-15 11:32:13]：编号：00000998   下载失败。
[2018-03-15 11:32:14]：编号：00000911   小说名：《》 下载失败。
[2018-03-15 11:32:14]：编号：00000911   下载失败。
[2018-03-15 11:32:14]：编号：00000901   小说名：《极品铁匠》 下载失败。
[2018-03-15 11:32:14]：编号：00000901   下载失败。
[2018-03-15 11:32:14]：编号：00000957   小说名：《竞技经理人》 下载失败。
[2018-03-15 11:32:14]：编号：00000957   下载失败。
[2018-03-15 11:32:14]：编号：00000926   小说名：《梦武》 下载失败。
[2018-03-15 11:32:14]：编号：00000926   下载失败。
[2018-03-15 11:32:15]：编号：00000958   小说名：《捡宝》 下载失败。
[2018-03-15 11:32:15]：编号：00000958   下载失败。
[2018-03-15 11:32:15]：编号：00000952   小说名：《超级音乐大师》 下载失败。
[2018-03-15 11:32:15]：编号：00000952   下载失败。
[2018-03-15 11:32:15]：编号：00000920   小说名：《异界之红警大战》 下载失败。
[2018-03-15 11:32:15]：编号：00000920   下载失败。
[2018-03-15 11:32:15]：编号：00000953   小说名：《风流神断包青天》 下载失败。
[2018-03-15 11:32:15]：编号：00000953   下载失败。
[2018-03-15 11:32:15]：编号：00000923   小说名：《埃尔德兰的天空》 下载失败。
[2018-03-15 11:32:15]：编号：00000923   下载失败。
[2018-03-15 11:32:15]：编号：00000924   小说名：《不落战神》 下载失败。
[2018-03-15 11:32:15]：编号：00000924   下载失败。
[2018-03-15 11:32:15]：编号：00000915   小说名：《花都圣手》 下载失败。
[2018-03-15 11:32:15]：编号：00000915   下载失败。
[2018-03-15 11:32:15]：编号：00000912   小说名：《蛋王》 下载失败。
[2018-03-15 11:32:15]：编号：00000912   下载失败。
[2018-03-15 11:32:15]：编号：00000909   小说名：《匪军之龙腾四海》 下载失败。
[2018-03-15 11:32:15]：编号：00000909   下载失败。
[2018-03-15 11:32:15]：编号：00000956   小说名：《地球OL》 下载失败。
[2018-03-15 11:32:15]：编号：00000956   下载失败。
[2018-03-15 11:32:16]：编号：00000960   小说名：《让煤炭飞》 下载失败。
[2018-03-15 11:32:16]：编号：00000960   下载失败。
[2018-03-15 11:32:16]：编号：00000900   小说名：《》 下载失败。
[2018-03-15 11:32:16]：编号：00000900   下载失败。
[2018-03-15 11:32:16]：编号：00000951   小说名：《》 下载失败。
[2018-03-15 11:32:16]：编号：00000951   下载失败。
[2018-03-15 11:32:16]：编号：00000922   小说名：《》 下载失败。
[2018-03-15 11:32:16]：编号：00000922   下载失败。
[2018-03-15 11:32:16]：编号：00000963   小说名：《》 下载失败。
[2018-03-15 11:32:16]：编号：00000963   下载失败。
[2018-03-15 11:32:16]：编号：00000948   小说名：《》 下载失败。
[2018-03-15 11:32:16]：编号：00000948   下载失败。
[2018-03-15 11:32:16]：编号：00000906   小说名：《》 下载失败。
[2018-03-15 11:32:16]：编号：00000906   下载失败。
[2018-03-15 11:32:16]：编号：00000977   小说名：《》 下载失败。
[2018-03-15 11:32:16]：编号：00000977   下载失败。
[2018-03-15 11:32:16]：编号：00000927   小说名：《》 下载失败。
[2018-03-15 11:32:16]：编号：00000927   下载失败。
[2018-03-15 11:32:16]：编号：00000995   小说名：《》 下载失败。
[2018-03-15 11:32:16]：编号：00000995   下载失败。
[2018-03-15 11:32:16]：编号：00000972   小说名：《》 下载失败。
[2018-03-15 11:32:16]：编号：00000972   下载失败。
[2018-03-15 11:32:16]：编号：00000985   小说名：《》 下载失败。
[2018-03-15 11:32:16]：编号：00000985   下载失败。
[2018-03-15 11:32:17]：编号：00000917   小说名：《网游之王者无敌》 下载失败。
[2018-03-15 11:32:17]：编号：00000917   下载失败。
[2018-03-15 11:32:17]：编号：00000914   小说名：《娱乐之从香江开始》 下载失败。
[2018-03-15 11:32:17]：编号：00000914   下载失败。
[2018-03-15 11:32:19]：编号：00000918   小说名：《都市版英雄无敌》 下载失败。
[2018-03-15 11:32:19]：编号：00000918   下载失败。
[2018-03-15 11:32:19]：编号：00000916   小说名：《都市之狂尊》 下载失败。
[2018-03-15 11:32:19]：编号：00000916   下载失败。
[2018-03-15 11:32:19]：编号：00000967   小说名：《》 下载失败。
[2018-03-15 11:32:19]：编号：00000967   下载失败。
[2018-03-15 11:32:21]：编号：00000921   小说名：《修神外传》 下载失败。
[2018-03-15 11:32:21]：编号：00000921   下载失败。
[2018-03-15 11:32:22]：编号：00000913   小说名：《》 下载失败。
[2018-03-15 11:32:22]：编号：00000913   下载失败。
[2018-03-15 11:32:22]：编号：00000919   小说名：《》 下载失败。
[2018-03-15 11:32:22]：编号：00000919   下载失败。
[2018-03-15 11:32:22]：编号：00000937   小说名：《》 下载失败。
[2018-03-15 11:32:22]：编号：00000937   下载失败。
[2018-03-15 11:32:22]：编号：00000950   小说名：《》 下载失败。
[2018-03-15 11:32:22]：编号：00000950   下载失败。
[2018-03-15 11:32:22]：编号：00000968   小说名：《》 下载失败。
[2018-03-15 11:32:22]：编号：00000968   下载失败。
[2018-03-15 11:32:22]：编号：00000970   小说名：《》 下载失败。
[2018-03-15 11:32:22]：编号：00000970   下载失败。
[2018-03-15 11:32:22]：编号：00000969   小说名：《》 下载失败。
[2018-03-15 11:32:22]：编号：00000969   下载失败。
[2018-03-15 11:32:22]：编号：00000905   小说名：《》 下载失败。
[2018-03-15 11:32:22]：编号：00000905   下载失败。
[2018-03-15 11:32:22]：编号：00000986   小说名：《》 下载失败。
[2018-03-15 11:32:22]：编号：00000986   下载失败。
[2018-03-15 14:28:40]：编号：00027946   小说名：《重生西游之天篷妖尊》 下载失败。
[2018-03-15 14:28:40]：编号：00027946   下载失败。
[2018-03-15 14:28:40]：编号：00000920   小说名：《》 下载失败。
[2018-03-15 14:28:40]：编号：00000920   下载失败。
[2018-03-15 14:28:40]：编号：00000919   小说名：《》 下载失败。
[2018-03-15 14:28:40]：编号：00000919   下载失败。
[2018-03-15 14:28:40]：编号：00000930   小说名：《》 下载失败。
[2018-03-15 14:28:40]：编号：00000930   下载失败。
[2018-03-15 14:28:40]：编号：00000921   小说名：《》 下载失败。
[2018-03-15 14:28:40]：编号：00000921   下载失败。
[2018-03-15 14:28:40]：编号：00000931   小说名：《》 下载失败。
[2018-03-15 14:28:40]：编号：00000931   下载失败。
[2018-03-15 14:28:40]：编号：00000925   小说名：《》 下载失败。
[2018-03-15 14:28:40]：编号：00000925   下载失败。
[2018-03-15 14:28:40]：编号：00000928   小说名：《》 下载失败。
[2018-03-15 14:28:40]：编号：00000928   下载失败。
[2018-03-15 14:28:40]：编号：00000929   小说名：《》 下载失败。
[2018-03-15 14:28:40]：编号：00000929   下载失败。
[2018-03-15 14:28:40]：编号：00000924   小说名：《》 下载失败。
[2018-03-15 14:28:40]：编号：00000924   下载失败。
[2018-03-15 14:28:40]：编号：00000927   小说名：《》 下载失败。
[2018-03-15 14:28:40]：编号：00000927   下载失败。
[2018-03-15 14:28:40]：编号：00000934   小说名：《》 下载失败。
[2018-03-15 14:28:40]：编号：00000934   下载失败。
[2018-03-15 14:28:40]：编号：00000933   小说名：《》 下载失败。
[2018-03-15 14:28:40]：编号：00000933   下载失败。
[2018-03-15 14:28:40]：编号：00000938   小说名：《》 下载失败。
[2018-03-15 14:28:40]：编号：00000938   下载失败。
[2018-03-15 14:28:40]：编号：00000940   小说名：《》 下载失败。
[2018-03-15 14:28:40]：编号：00000940   下载失败。
[2018-03-15 14:28:40]：编号：00000937   小说名：《》 下载失败。
[2018-03-15 14:28:40]：编号：00000937   下载失败。
[2018-03-15 14:28:40]：编号：00000936   小说名：《》 下载失败。
[2018-03-15 14:28:40]：编号：00000936   下载失败。
[2018-03-15 14:28:40]：编号：00000942   小说名：《》 下载失败。
[2018-03-15 14:28:40]：编号：00000942   下载失败。
[2018-03-15 14:28:40]：编号：00000939   小说名：《》 下载失败。
[2018-03-15 14:28:40]：编号：00000939   下载失败。
[2018-03-15 14:28:40]：编号：00000935   小说名：《》 下载失败。
[2018-03-15 14:28:40]：编号：00000935   下载失败。
[2018-03-15 14:28:40]：编号：00000944   小说名：《》 下载失败。
[2018-03-15 14:28:40]：编号：00000944   下载失败。
[2018-03-15 14:28:40]：编号：00000946   小说名：《》 下载失败。
[2018-03-15 14:28:40]：编号：00000946   下载失败。
[2018-03-15 14:28:40]：编号：00000943   小说名：《》 下载失败。
[2018-03-15 14:28:40]：编号：00000943   下载失败。
[2018-03-15 14:28:40]：编号：00000950   小说名：《》 下载失败。
[2018-03-15 14:28:40]：编号：00000950   下载失败。
[2018-03-15 14:28:40]：编号：00000945   小说名：《》 下载失败。
[2018-03-15 14:28:40]：编号：00000945   下载失败。
[2018-03-15 14:28:40]：编号：00000951   小说名：《》 下载失败。
[2018-03-15 14:28:40]：编号：00000951   下载失败。
[2018-03-15 14:28:40]：编号：00000949   小说名：《》 下载失败。
[2018-03-15 14:28:40]：编号：00000949   下载失败。
[2018-03-15 14:28:40]：编号：00000952   小说名：《》 下载失败。
[2018-03-15 14:28:40]：编号：00000952   下载失败。
[2018-03-15 14:28:40]：编号：00000953   小说名：《》 下载失败。
[2018-03-15 14:28:40]：编号：00000953   下载失败。
[2018-03-15 14:28:40]：编号：00000956   小说名：《》 下载失败。
[2018-03-15 14:28:40]：编号：00000956   下载失败。
[2018-03-15 14:28:40]：编号：00000954   小说名：《》 下载失败。
[2018-03-15 14:28:40]：编号：00000954   下载失败。
[2018-03-15 14:28:40]：编号：00000955   小说名：《》 下载失败。
[2018-03-15 14:28:40]：编号：00000955   下载失败。
[2018-03-15 14:28:40]：编号：00000957   小说名：《》 下载失败。
[2018-03-15 14:28:40]：编号：00000957   下载失败。
[2018-03-15 14:28:40]：编号：00000958   小说名：《》 下载失败。
[2018-03-15 14:28:40]：编号：00000958   下载失败。
[2018-03-15 14:28:40]：编号：00000960   小说名：《》 下载失败。
[2018-03-15 14:28:40]：编号：00000960   下载失败。
[2018-03-15 14:28:40]：编号：00000962   小说名：《》 下载失败。
[2018-03-15 14:28:40]：编号：00000962   下载失败。
[2018-03-15 14:28:40]：编号：00000965   小说名：《》 下载失败。
[2018-03-15 14:28:40]：编号：00000965   下载失败。
[2018-03-15 14:28:40]：编号：00000963   小说名：《》 下载失败。
[2018-03-15 14:28:40]：编号：00000963   下载失败。
[2018-03-15 14:28:40]：编号：00000968   小说名：《》 下载失败。
[2018-03-15 14:28:40]：编号：00000968   下载失败。
[2018-03-15 14:28:40]：编号：00000969   小说名：《》 下载失败。
[2018-03-15 14:28:40]：编号：00000969   下载失败。
[2018-03-15 14:28:40]：编号：00000972   小说名：《》 下载失败。
[2018-03-15 14:28:40]：编号：00000972   下载失败。
[2018-03-15 14:28:40]：编号：00000973   小说名：《》 下载失败。
[2018-03-15 14:28:40]：编号：00000973   下载失败。
[2018-03-15 14:28:40]：编号：00000975   小说名：《》 下载失败。
[2018-03-15 14:28:40]：编号：00000975   下载失败。
[2018-03-15 14:28:40]：编号：00000974   小说名：《》 下载失败。
[2018-03-15 14:28:40]：编号：00000974   下载失败。
[2018-03-15 14:28:40]：编号：00000977   小说名：《》 下载失败。
[2018-03-15 14:28:40]：编号：00000977   下载失败。
[2018-03-15 14:28:40]：编号：00000981   小说名：《》 下载失败。
[2018-03-15 14:28:40]：编号：00000981   下载失败。
[2018-03-15 14:28:40]：编号：00000978   小说名：《》 下载失败。
[2018-03-15 14:28:40]：编号：00000978   下载失败。
[2018-03-15 14:28:40]：编号：00000982   小说名：《》 下载失败。
[2018-03-15 14:28:40]：编号：00000982   下载失败。
[2018-03-15 14:28:40]：编号：00000979   小说名：《》 下载失败。
[2018-03-15 14:28:40]：编号：00000979   下载失败。
[2018-03-15 14:28:40]：编号：00000983   小说名：《》 下载失败。
[2018-03-15 14:28:40]：编号：00000983   下载失败。
[2018-03-15 14:28:40]：编号：00000988   小说名：《》 下载失败。
[2018-03-15 14:28:40]：编号：00000988   下载失败。
[2018-03-15 14:28:40]：编号：00000987   小说名：《》 下载失败。
[2018-03-15 14:28:40]：编号：00000987   下载失败。
[2018-03-15 14:28:40]：编号：00000994   小说名：《》 下载失败。
[2018-03-15 14:28:40]：编号：00000994   下载失败。
[2018-03-15 14:28:40]：编号：00000990   小说名：《》 下载失败。
[2018-03-15 14:28:40]：编号：00000990   下载失败。
[2018-03-15 14:28:40]：编号：00000993   小说名：《》 下载失败。
[2018-03-15 14:28:40]：编号：00000993   下载失败。
[2018-03-15 14:28:40]：编号：00000991   小说名：《》 下载失败。
[2018-03-15 14:28:40]：编号：00000991   下载失败。
[2018-03-15 14:28:40]：编号：00000996   小说名：《》 下载失败。
[2018-03-15 14:28:40]：编号：00000996   下载失败。
[2018-03-15 14:28:40]：编号：00000995   小说名：《》 下载失败。
[2018-03-15 14:28:40]：编号：00000995   下载失败。
[2018-03-15 14:28:40]：编号：00000997   小说名：《》 下载失败。
[2018-03-15 14:28:40]：编号：00000997   下载失败。
[2018-03-15 14:28:40]：编号：00000992   小说名：《》 下载失败。
[2018-03-15 14:28:40]：编号：00000992   下载失败。
[2018-03-15 14:28:40]：编号：00000998   小说名：《》 下载失败。
[2018-03-15 14:28:40]：编号：00000998   下载失败。
[2018-03-15 14:28:40]：编号：00000999   小说名：《》 下载失败。
[2018-03-15 14:28:40]：编号：00000999   下载失败。
[2018-03-15 14:28:40]：编号：00000926   小说名：《》 下载失败。
[2018-03-15 14:28:40]：编号：00000926   下载失败。
[2018-03-15 14:28:40]：编号：00000964   小说名：《》 下载失败。
[2018-03-15 14:28:40]：编号：00000964   下载失败。
[2018-03-15 14:28:40]：编号：00000980   小说名：《》 下载失败。
[2018-03-15 14:28:40]：编号：00000980   下载失败。
[2018-03-15 14:28:40]：编号：00000989   小说名：《》 下载失败。
[2018-03-15 14:28:40]：编号：00000989   下载失败。
[2018-03-15 14:28:40]：编号：00000961   小说名：《》 下载失败。
[2018-03-15 14:28:40]：编号：00000961   下载失败。
[2018-03-15 14:28:41]：编号：00000913   小说名：《娱闻推手》 下载失败。
[2018-03-15 14:28:41]：编号：00000913   下载失败。
[2018-03-15 14:28:41]：编号：00000907   小说名：《绝地罡魂》 下载失败。
[2018-03-15 14:28:41]：编号：00000907   下载失败。
[2018-03-15 14:28:42]：编号：00000904   小说名：《我叫术士》 下载失败。
[2018-03-15 14:28:42]：编号：00000904   下载失败。
[2018-03-15 14:28:42]：编号：00000900   小说名：《清客》 下载失败。
[2018-03-15 14:28:42]：编号：00000900   下载失败。
[2018-03-15 14:28:42]：编号：00000914   小说名：《娱乐之从香江开始》 下载失败。
[2018-03-15 14:28:42]：编号：00000914   下载失败。
[2018-03-15 14:28:42]：编号：00000915   小说名：《花都圣手》 下载失败。
[2018-03-15 14:28:42]：编号：00000915   下载失败。
[2018-03-15 14:28:42]：编号：00000909   小说名：《匪军之龙腾四海》 下载失败。
[2018-03-15 14:28:42]：编号：00000909   下载失败。
[2018-03-15 14:28:42]：编号：00000918   小说名：《都市版英雄无敌》 下载失败。
[2018-03-15 14:28:42]：编号：00000918   下载失败。
[2018-03-15 14:28:42]：编号：00000912   小说名：《蛋王》 下载失败。
[2018-03-15 14:28:42]：编号：00000912   下载失败。
[2018-03-15 14:28:42]：编号：00000905   小说名：《明末烽火》 下载失败。
[2018-03-15 14:28:42]：编号：00000905   下载失败。
[2018-03-15 14:28:43]：编号：00000911   小说名：《全能闲人》 下载失败。
[2018-03-15 14:28:43]：编号：00000911   下载失败。
[2018-03-15 14:28:43]：编号：00000901   小说名：《极品铁匠》 下载失败。
[2018-03-15 14:28:43]：编号：00000901   下载失败。
[2018-03-15 14:28:43]：编号：00000910   小说名：《》 下载失败。
[2018-03-15 14:28:43]：编号：00000910   下载失败。
[2018-03-15 14:28:43]：编号：00000932   小说名：《》 下载失败。
[2018-03-15 14:28:43]：编号：00000932   下载失败。
[2018-03-15 14:28:43]：编号：00000941   小说名：《》 下载失败。
[2018-03-15 14:28:43]：编号：00000941   下载失败。
[2018-03-15 14:28:43]：编号：00000948   小说名：《》 下载失败。
[2018-03-15 14:28:43]：编号：00000948   下载失败。
[2018-03-15 14:28:43]：编号：00000947   小说名：《》 下载失败。
[2018-03-15 14:28:43]：编号：00000947   下载失败。
[2018-03-15 14:28:43]：编号：00000959   小说名：《》 下载失败。
[2018-03-15 14:28:43]：编号：00000959   下载失败。
[2018-03-15 14:28:43]：编号：00000966   小说名：《》 下载失败。
[2018-03-15 14:28:43]：编号：00000966   下载失败。
[2018-03-15 14:28:43]：编号：00000967   小说名：《》 下载失败。
[2018-03-15 14:28:43]：编号：00000967   下载失败。
[2018-03-15 14:28:43]：编号：00000971   小说名：《》 下载失败。
[2018-03-15 14:28:43]：编号：00000971   下载失败。
[2018-03-15 14:28:43]：编号：00000985   小说名：《》 下载失败。
[2018-03-15 14:28:43]：编号：00000985   下载失败。
[2018-03-15 14:28:43]：编号：00000984   小说名：《》 下载失败。
[2018-03-15 14:28:43]：编号：00000984   下载失败。
[2018-03-15 14:28:43]：编号：00000976   小说名：《》 下载失败。
[2018-03-15 14:28:43]：编号：00000976   下载失败。
[2018-03-15 14:28:43]：编号：00000986   小说名：《》 下载失败。
[2018-03-15 14:28:43]：编号：00000986   下载失败。
[2018-03-15 14:28:44]：编号：00000903   小说名：《儒道至圣》 下载失败。
[2018-03-15 14:28:44]：编号：00000903   下载失败。
[2018-03-15 14:28:44]：编号：00000902   小说名：《超级无线网》 下载失败。
[2018-03-15 14:28:44]：编号：00000902   下载失败。
[2018-03-15 14:28:44]：编号：00000916   小说名：《都市之狂尊》 下载失败。
[2018-03-15 14:28:44]：编号：00000916   下载失败。
